#
# There is insufficient memory for the Java Runtime Environment to continue.
# Native memory allocation (malloc) failed to allocate 751936 bytes for Chunk::new
# Possible reasons:
#   The system is out of physical RAM or swap space
#   The process is running with CompressedOops enabled, and the Java Heap may be blocking the growth of the native heap
# Possible solutions:
#   Reduce memory load on the system
#   Increase physical memory or swap space
#   Check if swap backing store is full
#   Decrease Java heap size (-Xmx/-Xms)
#   Decrease number of Java threads
#   Decrease Java thread stack sizes (-Xss)
#   Set larger code cache with -XX:ReservedCodeCacheSize=
#   JVM is running with Unscaled Compressed Oops mode in which the Java heap is
#     placed in the first 4GB address space. The Java Heap base address is the
#     maximum limit for the native heap growth. Please use -XX:HeapBaseMinAddress
#     to set the Java Heap base and to place the Java Heap above 4GB virtual address.
# This output file may be truncated or incomplete.
#
#  Out of Memory Error (allocation.cpp:389), pid=14284, tid=0x0000000000001e24
#
# JRE version: OpenJDK Runtime Environment (8.0_212-b04) (build 1.8.0_212-release-1586-b04)
# Java VM: OpenJDK 64-Bit Server VM (25.212-b04 mixed mode windows-amd64 compressed oops)
# Failed to write core dump. Minidumps are not enabled by default on client versions of Windows
#

---------------  T H R E A D  ---------------

Current thread (0x000000001692b800):  JavaThread "C2 CompilerThread0" daemon [_thread_in_native, id=7716, stack(0x0000000017970000,0x0000000017a70000)]

Stack: [0x0000000017970000,0x0000000017a70000]
[error occurred during error reporting (printing stack bounds), id 0xc0000005]

Native frames: (J=compiled Java code, j=interpreted, Vv=VM code, C=native code)


Current CompileTask:
C2:3781314 18719 %     4       com.sun.tools.javac.jvm.ClassWriter::writePool @ 18 (1051 bytes)


---------------  P R O C E S S  ---------------

Java Threads: ( => current thread )
  0x000000001b775000 JavaThread "Cache worker for Java compile cache (G:\Users\Iking Lopez\Desktop\Lopez_exer5_LightsOutV2\exer-03-lights-out-LopezJER\.gradle\5.4.1\javaCompile)" [_thread_blocked, id=8984, stack(0x0000000022450000,0x0000000022550000)]
  0x000000001b773800 JavaThread "WorkerExecutor Queue" [_thread_blocked, id=3756, stack(0x0000000021a30000,0x0000000021b30000)]
  0x000000001b771800 JavaThread "Cache worker for execution history cache (G:\Users\Iking Lopez\Desktop\Lopez_exer5_LightsOutV2\exer-03-lights-out-LopezJER\.gradle\5.4.1\executionHistory)" [_thread_blocked, id=15040, stack(0x0000000001520000,0x0000000001620000)]
  0x000000001b76a000 JavaThread "Execution worker for ':'" [_thread_in_native, id=8092, stack(0x0000000021930000,0x0000000021a30000)]
  0x000000001b76d800 JavaThread "Cache worker for file content cache (G:\Users\Iking Lopez\Desktop\Lopez_exer5_LightsOutV2\exer-03-lights-out-LopezJER\.gradle\5.4.1\fileContent)" [_thread_blocked, id=12892, stack(0x0000000021830000,0x0000000021930000)]
  0x000000001b769000 JavaThread "Cache worker for Build Output Cleanup Cache (G:\Users\Iking Lopez\Desktop\Lopez_exer5_LightsOutV2\exer-03-lights-out-LopezJER\.gradle\buildOutputCleanup)" [_thread_blocked, id=5824, stack(0x0000000020f30000,0x0000000021030000)]
  0x000000001b76c000 JavaThread "pool-7-thread-1" [_thread_blocked, id=9436, stack(0x000000001f060000,0x000000001f160000)]
  0x000000001bbf1800 JavaThread "Build operations Thread 2" [_thread_blocked, id=15120, stack(0x000000001ed60000,0x000000001ee60000)]
  0x000000001bbf0800 JavaThread "Build operations" [_thread_blocked, id=12084, stack(0x000000001ea60000,0x000000001eb60000)]
  0x000000001bbf3000 JavaThread "Cache worker for cache directory md-rule (C:\Users\Iking Lopez\.gradle\caches\5.4.1\md-rule)" [_thread_blocked, id=9068, stack(0x000000001e960000,0x000000001ea60000)]
  0x000000001bbed000 JavaThread "Cache worker for cache directory md-supplier (C:\Users\Iking Lopez\.gradle\caches\5.4.1\md-supplier)" [_thread_blocked, id=5368, stack(0x000000001e660000,0x000000001e760000)]
  0x000000001bbf3800 JavaThread "Cache worker for file hash cache (G:\Users\Iking Lopez\Desktop\Lopez_exer5_LightsOutV2\exer-03-lights-out-LopezJER\.gradle\5.4.1\fileHashes)" [_thread_blocked, id=11880, stack(0x000000001e560000,0x000000001e660000)]
  0x000000001bbe8800 JavaThread "Thread-57" [_thread_blocked, id=14248, stack(0x000000001c290000,0x000000001c390000)]
  0x000000001bbec000 JavaThread "Asynchronous log dispatcher for DefaultDaemonConnection: socket connection from /127.0.0.1:52849 to /127.0.0.1:53685" [_thread_blocked, id=8908, stack(0x000000001a7c0000,0x000000001a8c0000)]
  0x000000001bbe4800 JavaThread "Daemon worker Thread 3" [_thread_blocked, id=14084, stack(0x000000001a6c0000,0x000000001a7c0000)]
  0x000000001bbeb800 JavaThread "Cancel handler" [_thread_blocked, id=14772, stack(0x000000001a3c0000,0x000000001a4c0000)]
  0x000000001bbea000 JavaThread "Handler for socket connection from /127.0.0.1:52849 to /127.0.0.1:53685" [_thread_in_native, id=6740, stack(0x000000001a2c0000,0x000000001a3c0000)]
  0x000000001bbe7000 JavaThread "Daemon Thread 3" [_thread_blocked, id=13792, stack(0x0000000001620000,0x0000000001720000)]
  0x000000001bbf0000 JavaThread "Cache worker for Java compile cache (C:\Users\Iking Lopez\.gradle\caches\5.4.1\javaCompile)" [_thread_blocked, id=9744, stack(0x0000000022950000,0x0000000022a50000)]
  0x000000001bbee800 JavaThread "RMI Reaper" [_thread_blocked, id=13428, stack(0x0000000022c50000,0x0000000022d50000)]
  0x000000001bbef000 JavaThread "RMI TCP Accept-0" daemon [_thread_in_native, id=2824, stack(0x0000000022b50000,0x0000000022c50000)]
  0x000000001bbe6000 JavaThread "GC Daemon" daemon [_thread_blocked, id=12248, stack(0x0000000022a50000,0x0000000022b50000)]
  0x000000001bbe5800 JavaThread "RMI Scheduler(0)" daemon [_thread_blocked, id=7960, stack(0x0000000022850000,0x0000000022950000)]
  0x000000001b770800 JavaThread "Cache worker for file content cache (C:\Users\Iking Lopez\.gradle\caches\5.4.1\fileContent)" [_thread_blocked, id=13740, stack(0x0000000020e30000,0x0000000020f30000)]
  0x000000001b770000 JavaThread "Memory manager" [_thread_blocked, id=7276, stack(0x000000001fd60000,0x000000001fe60000)]
  0x000000001b76d000 JavaThread "Cache worker for execution history cache (C:\Users\Iking Lopez\.gradle\caches\5.4.1\executionHistory)" [_thread_blocked, id=9628, stack(0x000000001e260000,0x000000001e360000)]
  0x00000000190e2000 JavaThread "Cache worker for journal cache (C:\Users\Iking Lopez\.gradle\caches\journal-1)" [_thread_blocked, id=2516, stack(0x000000001adc0000,0x000000001aec0000)]
  0x00000000190dc800 JavaThread "File lock request listener" [_thread_in_native, id=4648, stack(0x000000001acc0000,0x000000001adc0000)]
  0x000000001913a000 JavaThread "Cache worker for file hash cache (C:\Users\Iking Lopez\.gradle\caches\5.4.1\fileHashes)" [_thread_blocked, id=5816, stack(0x000000001abc0000,0x000000001acc0000)]
  0x0000000017edd000 JavaThread "Daemon periodic checks" [_thread_blocked, id=1088, stack(0x000000001a1c0000,0x000000001a2c0000)]
  0x0000000019107000 JavaThread "Incoming local TCP Connector on port 52849" [_thread_in_native, id=11012, stack(0x0000000019f80000,0x000000001a080000)]
  0x0000000018d96000 JavaThread "Daemon health stats" [_thread_blocked, id=13616, stack(0x0000000019940000,0x0000000019a40000)]
  0x0000000016941000 JavaThread "Service Thread" daemon [_thread_blocked, id=10768, stack(0x0000000017b70000,0x0000000017c70000)]
  0x000000001692e800 JavaThread "C1 CompilerThread1" daemon [_thread_blocked, id=13400, stack(0x0000000017a70000,0x0000000017b70000)]
=>0x000000001692b800 JavaThread "C2 CompilerThread0" daemon [_thread_in_native, id=7716, stack(0x0000000017970000,0x0000000017a70000)]
  0x000000001692a000 JavaThread "Attach Listener" daemon [_thread_blocked, id=7336, stack(0x0000000017870000,0x0000000017970000)]
  0x0000000016925000 JavaThread "Signal Dispatcher" daemon [_thread_blocked, id=13136, stack(0x0000000017770000,0x0000000017870000)]
  0x00000000031f8800 JavaThread "Finalizer" daemon [_thread_blocked, id=1084, stack(0x0000000017570000,0x0000000017670000)]
  0x0000000016917000 JavaThread "Reference Handler" daemon [_thread_blocked, id=5236, stack(0x0000000017470000,0x0000000017570000)]
  0x00000000017ae800 JavaThread "main" [_thread_blocked, id=14976, stack(0x0000000003000000,0x0000000003100000)]

Other Threads:
  0x00000000168f4800 VMThread [stack: 0x0000000017370000,0x0000000017470000] [id=13916]
  0x00000000169a8000 WatcherThread [stack: 0x0000000017c70000,0x0000000017d70000] [id=11988]

VM state:not at safepoint (normal execution)

VM Mutex/Monitor currently owned by a thread: None

heap address: 0x00000000a0000000, size: 1536 MB, Compressed Oops mode: 32-bit
Narrow klass base: 0x0000000000000000, Narrow klass shift: 3
Compressed class space size: 1073741824 Address: 0x0000000100000000

Heap:
 PSYoungGen      total 224256K, used 83164K [0x00000000e0000000, 0x00000000f4b00000, 0x0000000100000000)
  eden space 154112K, 53% used [0x00000000e0000000,0x00000000e5137300,0x00000000e9680000)
  from space 70144K, 0% used [0x00000000e9680000,0x00000000e9680000,0x00000000edb00000)
  to   space 83968K, 0% used [0x00000000ef900000,0x00000000ef900000,0x00000000f4b00000)
 ParOldGen       total 279552K, used 149809K [0x00000000a0000000, 0x00000000b1100000, 0x00000000e0000000)
  object space 279552K, 53% used [0x00000000a0000000,0x00000000a924c610,0x00000000b1100000)
 Metaspace       used 107060K, capacity 110566K, committed 111000K, reserved 1146880K
  class space    used 13637K, capacity 14393K, committed 14504K, reserved 1048576K

Card table byte_map: [0x00000000125c0000,0x00000000128d0000] byte_map_base: 0x00000000120c0000

Marking Bits: (ParMarkBitMap*) 0x0000000054fe9f30
 Begin Bits: [0x0000000012cd0000, 0x00000000144d0000)
 End Bits:   [0x00000000144d0000, 0x0000000015cd0000)

Polling page: 0x0000000001760000

CodeCache: size=245760Kb used=51005Kb max_used=51012Kb free=194754Kb
 bounds [0x0000000003200000, 0x0000000006420000, 0x0000000012200000]
 total_blobs=15779 nmethods=14877 adapters=814
 compilation: enabled

Compilation events (10 events):
Event: 3780.548 Thread 0x000000001692b800 nmethod 18714% 0x0000000006403a50 code [0x0000000006403c40, 0x00000000064046c0]
Event: 3780.549 Thread 0x000000001692b800 18715   !   4       com.sun.tools.javac.comp.Flow$AliveAnalyzer::visitClassDef (308 bytes)
Event: 3780.670 Thread 0x000000001692b800 nmethod 18715 0x0000000006413fd0 code [0x0000000006414340, 0x0000000006416050]
Event: 3780.671 Thread 0x000000001692b800 18717       4       com.sun.tools.javac.comp.Check::checkConflicts (248 bytes)
Event: 3780.703 Thread 0x000000001692b800 nmethod 18717 0x00000000064059d0 code [0x0000000006405c00, 0x0000000006406730]
Event: 3780.703 Thread 0x000000001692b800 18716       4       com.sun.tools.javac.comp.Flow$AliveAnalyzer::scanDef (47 bytes)
Event: 3780.707 Thread 0x000000001692b800 nmethod 18716 0x0000000006403410 code [0x0000000006403580, 0x0000000006403768]
Event: 3780.739 Thread 0x000000001692b800 18718       4       com.sun.tools.javac.jvm.Gen::checkDimension (122 bytes)
Event: 3780.768 Thread 0x000000001692b800 nmethod 18718 0x0000000006411ed0 code [0x0000000006412360, 0x0000000006412eb0]
Event: 3780.768 Thread 0x000000001692b800 18719 %     4       com.sun.tools.javac.jvm.ClassWriter::writePool @ 18 (1051 bytes)

GC Heap History (10 events):
Event: 2430.838 GC heap before
{Heap before GC invocations=32 (full 5):
 PSYoungGen      total 201216K, used 200387K [0x00000000e0000000, 0x00000000f2e00000, 0x0000000100000000)
  eden space 142848K, 99% used [0x00000000e0000000,0x00000000e8ab6ed0,0x00000000e8b80000)
  from space 58368K, 99% used [0x00000000ed400000,0x00000000f0cf9db8,0x00000000f0d00000)
  to   space 74240K, 0% used [0x00000000e8b80000,0x00000000e8b80000,0x00000000ed400000)
 ParOldGen       total 263680K, used 179004K [0x00000000a0000000, 0x00000000b0180000, 0x00000000e0000000)
  object space 263680K, 67% used [0x00000000a0000000,0x00000000aaecf3c8,0x00000000b0180000)
 Metaspace       used 101463K, capacity 104626K, committed 104728K, reserved 1140736K
  class space    used 13099K, capacity 13792K, committed 13864K, reserved 1048576K
Event: 2431.267 GC heap after
Heap after GC invocations=32 (full 5):
 PSYoungGen      total 217088K, used 8063K [0x00000000e0000000, 0x00000000f2680000, 0x0000000100000000)
  eden space 142848K, 0% used [0x00000000e0000000,0x00000000e0000000,0x00000000e8b80000)
  from space 74240K, 10% used [0x00000000e8b80000,0x00000000e935fff8,0x00000000ed400000)
  to   space 72704K, 0% used [0x00000000edf80000,0x00000000edf80000,0x00000000f2680000)
 ParOldGen       total 263680K, used 216852K [0x00000000a0000000, 0x00000000b0180000, 0x00000000e0000000)
  object space 263680K, 82% used [0x00000000a0000000,0x00000000ad3c5388,0x00000000b0180000)
 Metaspace       used 101463K, capacity 104626K, committed 104728K, reserved 1140736K
  class space    used 13099K, capacity 13792K, committed 13864K, reserved 1048576K
}
Event: 3671.128 GC heap before
{Heap before GC invocations=33 (full 5):
 PSYoungGen      total 217088K, used 150911K [0x00000000e0000000, 0x00000000f2680000, 0x0000000100000000)
  eden space 142848K, 100% used [0x00000000e0000000,0x00000000e8b80000,0x00000000e8b80000)
  from space 74240K, 10% used [0x00000000e8b80000,0x00000000e935fff8,0x00000000ed400000)
  to   space 72704K, 0% used [0x00000000edf80000,0x00000000edf80000,0x00000000f2680000)
 ParOldGen       total 263680K, used 216852K [0x00000000a0000000, 0x00000000b0180000, 0x00000000e0000000)
  object space 263680K, 82% used [0x00000000a0000000,0x00000000ad3c5388,0x00000000b0180000)
 Metaspace       used 102229K, capacity 105620K, committed 105880K, reserved 1140736K
  class space    used 13158K, capacity 13896K, committed 13992K, reserved 1048576K
Event: 3682.909 GC heap after
Heap after GC invocations=33 (full 5):
 PSYoungGen      total 219648K, used 9652K [0x00000000e0000000, 0x00000000f1f80000, 0x0000000100000000)
  eden space 154112K, 0% used [0x00000000e0000000,0x00000000e0000000,0x00000000e9680000)
  from space 65536K, 14% used [0x00000000edf80000,0x00000000ee8ed008,0x00000000f1f80000)
  to   space 70144K, 0% used [0x00000000e9680000,0x00000000e9680000,0x00000000edb00000)
 ParOldGen       total 263680K, used 216860K [0x00000000a0000000, 0x00000000b0180000, 0x00000000e0000000)
  object space 263680K, 82% used [0x00000000a0000000,0x00000000ad3c7388,0x00000000b0180000)
 Metaspace       used 102229K, capacity 105620K, committed 105880K, reserved 1140736K
  class space    used 13158K, capacity 13896K, committed 13992K, reserved 1048576K
}
Event: 3729.218 GC heap before
{Heap before GC invocations=34 (full 5):
 PSYoungGen      total 219648K, used 163764K [0x00000000e0000000, 0x00000000f1f80000, 0x0000000100000000)
  eden space 154112K, 100% used [0x00000000e0000000,0x00000000e9680000,0x00000000e9680000)
  from space 65536K, 14% used [0x00000000edf80000,0x00000000ee8ed008,0x00000000f1f80000)
  to   space 70144K, 0% used [0x00000000e9680000,0x00000000e9680000,0x00000000edb00000)
 ParOldGen       total 263680K, used 216860K [0x00000000a0000000, 0x00000000b0180000, 0x00000000e0000000)
  object space 263680K, 82% used [0x00000000a0000000,0x00000000ad3c7388,0x00000000b0180000)
 Metaspace       used 104225K, capacity 107680K, committed 107928K, reserved 1142784K
  class space    used 13369K, capacity 14132K, committed 14248K, reserved 1048576K
Event: 3733.661 GC heap after
Heap after GC invocations=34 (full 5):
 PSYoungGen      total 224256K, used 70113K [0x00000000e0000000, 0x00000000f4b00000, 0x0000000100000000)
  eden space 154112K, 0% used [0x00000000e0000000,0x00000000e0000000,0x00000000e9680000)
  from space 70144K, 99% used [0x00000000e9680000,0x00000000edaf8790,0x00000000edb00000)
  to   space 83968K, 0% used [0x00000000ef900000,0x00000000ef900000,0x00000000f4b00000)
 ParOldGen       total 263680K, used 219514K [0x00000000a0000000, 0x00000000b0180000, 0x00000000e0000000)
  object space 263680K, 83% used [0x00000000a0000000,0x00000000ad65ebd8,0x00000000b0180000)
 Metaspace       used 104225K, capacity 107680K, committed 107928K, reserved 1142784K
  class space    used 13369K, capacity 14132K, committed 14248K, reserved 1048576K
}
Event: 3744.215 GC heap before
{Heap before GC invocations=35 (full 5):
 PSYoungGen      total 224256K, used 224225K [0x00000000e0000000, 0x00000000f4b00000, 0x0000000100000000)
  eden space 154112K, 100% used [0x00000000e0000000,0x00000000e9680000,0x00000000e9680000)
  from space 70144K, 99% used [0x00000000e9680000,0x00000000edaf8790,0x00000000edb00000)
  to   space 83968K, 0% used [0x00000000ef900000,0x00000000ef900000,0x00000000f4b00000)
 ParOldGen       total 263680K, used 219514K [0x00000000a0000000, 0x00000000b0180000, 0x00000000e0000000)
  object space 263680K, 83% used [0x00000000a0000000,0x00000000ad65ebd8,0x00000000b0180000)
 Metaspace       used 107091K, capacity 110652K, committed 111000K, reserved 1146880K
  class space    used 13645K, capacity 14408K, committed 14504K, reserved 1048576K
Event: 3746.236 GC heap after
Heap after GC invocations=35 (full 5):
 PSYoungGen      total 224256K, used 224225K [0x00000000e0000000, 0x00000000f4b00000, 0x0000000100000000)
  eden space 154112K, 100% used [0x00000000e0000000,0x00000000e9680000,0x00000000e9680000)
  from space 70144K, 99% used [0x00000000e9680000,0x00000000edaf8790,0x00000000edb00000)
  to   space 83968K, 99% used [0x00000000ef900000,0x00000000f4afae68,0x00000000f4b00000)
 ParOldGen       total 273408K, used 273404K [0x00000000a0000000, 0x00000000b0b00000, 0x00000000e0000000)
  object space 273408K, 99% used [0x00000000a0000000,0x00000000b0aff3a8,0x00000000b0b00000)
 Metaspace       used 107091K, capacity 110652K, committed 111000K, reserved 1146880K
  class space    used 13645K, capacity 14408K, committed 14504K, reserved 1048576K
}
Event: 3746.237 GC heap before
{Heap before GC invocations=36 (full 6):
 PSYoungGen      total 224256K, used 224225K [0x00000000e0000000, 0x00000000f4b00000, 0x0000000100000000)
  eden space 154112K, 100% used [0x00000000e0000000,0x00000000e9680000,0x00000000e9680000)
  from space 70144K, 99% used [0x00000000e9680000,0x00000000edaf8790,0x00000000edb00000)
  to   space 83968K, 99% used [0x00000000ef900000,0x00000000f4afae68,0x00000000f4b00000)
 ParOldGen       total 273408K, used 273404K [0x00000000a0000000, 0x00000000b0b00000, 0x00000000e0000000)
  object space 273408K, 99% used [0x00000000a0000000,0x00000000b0aff3a8,0x00000000b0b00000)
 Metaspace       used 107091K, capacity 110652K, committed 111000K, reserved 1146880K
  class space    used 13645K, capacity 14408K, committed 14504K, reserved 1048576K
Event: 3775.515 GC heap after
Heap after GC invocations=36 (full 6):
 PSYoungGen      total 224256K, used 0K [0x00000000e0000000, 0x00000000f4b00000, 0x0000000100000000)
  eden space 154112K, 0% used [0x00000000e0000000,0x00000000e0000000,0x00000000e9680000)
  from space 70144K, 0% used [0x00000000e9680000,0x00000000e9680000,0x00000000edb00000)
  to   space 83968K, 0% used [0x00000000ef900000,0x00000000ef900000,0x00000000f4b00000)
 ParOldGen       total 279552K, used 149809K [0x00000000a0000000, 0x00000000b1100000, 0x00000000e0000000)
  object space 279552K, 53% used [0x00000000a0000000,0x00000000a924c610,0x00000000b1100000)
 Metaspace       used 107038K, capacity 110566K, committed 111000K, reserved 1146880K
  class space    used 13637K, capacity 14393K, committed 14504K, reserved 1048576K
}

Deoptimization events (10 events):
Event: 3738.174 Thread 0x000000001b76a000 Uncommon trap: reason=speculate_class_check action=maybe_recompile pc=0x0000000005e7f9b4 method=java.nio.charset.CharsetEncoder.reset()Ljava/nio/charset/CharsetEncoder; @ 1
Event: 3738.202 Thread 0x000000001b76a000 Uncommon trap: reason=speculate_class_check action=maybe_recompile pc=0x0000000005e7f9b4 method=java.nio.charset.CharsetEncoder.reset()Ljava/nio/charset/CharsetEncoder; @ 1
Event: 3740.445 Thread 0x000000001b76a000 Uncommon trap: reason=unstable_if action=reinterpret pc=0x00000000047b61f0 method=com.google.gson.stream.JsonReader.nextNonWhitespace(Z)I @ 277
Event: 3741.996 Thread 0x000000001b76a000 Uncommon trap: reason=class_check action=maybe_recompile pc=0x00000000061309c4 method=com.sun.tools.javac.parser.Scanner.nextToken()V @ 31
Event: 3742.068 Thread 0x000000001b76a000 Uncommon trap: reason=class_check action=maybe_recompile pc=0x0000000004055fa0 method=com.sun.tools.javac.parser.Scanner.nextToken()V @ 31
Event: 3742.638 Thread 0x000000001b76a000 Uncommon trap: reason=unstable_if action=reinterpret pc=0x00000000062fcd10 method=com.sun.tools.javac.comp.MemberEnter.visitVarDef(Lcom/sun/tools/javac/tree/JCTree$JCVariableDecl;)V @ 322
Event: 3742.762 Thread 0x000000001b76a000 Uncommon trap: reason=class_check action=maybe_recompile pc=0x0000000005229414 method=com.sun.tools.javac.model.JavacElements.getAllAnnotationMirrors(Ljavax/lang/model/element/Element;)Lcom/sun/tools/javac/util/List; @ 98
Event: 3742.763 Thread 0x000000001b76a000 Uncommon trap: reason=class_check action=maybe_recompile pc=0x0000000005229414 method=com.sun.tools.javac.model.JavacElements.getAllAnnotationMirrors(Ljavax/lang/model/element/Element;)Lcom/sun/tools/javac/util/List; @ 98
Event: 3742.840 Thread 0x000000001b76a000 Uncommon trap: reason=class_check action=maybe_recompile pc=0x000000000556bcb4 method=org.apache.xerces.impl.XMLDocumentFragmentScannerImpl.scanStartElement()Z @ 309
Event: 3743.633 Thread 0x000000001b76a000 Uncommon trap: reason=unstable_if action=reinterpret pc=0x00000000061aab64 method=android.databinding.tool.reflection.SdkUtil$ApiChecker.buildFullLookup()V @ 49

Classes redefined (0 events):
No events

Internal exceptions (10 events):
Event: 3576.598 Thread 0x000000001bbe4800 Exception <a 'java/lang/NoSuchMethodError': <clinit>> (0x00000000e1f07e50) thrown at [D:\src\AOSP-openjdk-cygwin\jdk8u\hotspot\src\share\vm\prims\jni.cpp, line 1614]
Event: 3576.598 Thread 0x000000001bbe4800 Exception <a 'java/lang/NoSuchMethodError': <clinit>> (0x00000000e1f09350) thrown at [D:\src\AOSP-openjdk-cygwin\jdk8u\hotspot\src\share\vm\prims\jni.cpp, line 1614]
Event: 3576.598 Thread 0x000000001bbe4800 Exception <a 'java/lang/NoSuchMethodError': <clinit>> (0x00000000e1f0aaa0) thrown at [D:\src\AOSP-openjdk-cygwin\jdk8u\hotspot\src\share\vm\prims\jni.cpp, line 1614]
Event: 3576.598 Thread 0x000000001bbe4800 Exception <a 'java/lang/NoSuchMethodError': <clinit>> (0x00000000e1f0c0a0) thrown at [D:\src\AOSP-openjdk-cygwin\jdk8u\hotspot\src\share\vm\prims\jni.cpp, line 1614]
Event: 3576.599 Thread 0x000000001bbe4800 Exception <a 'java/lang/NoSuchMethodError': <clinit>> (0x00000000e1f0d540) thrown at [D:\src\AOSP-openjdk-cygwin\jdk8u\hotspot\src\share\vm\prims\jni.cpp, line 1614]
Event: 3579.080 Thread 0x000000001bbe4800 Implicit null exception at 0x0000000003ed5841 to 0x0000000003ed61ed
Event: 3579.248 Thread 0x000000001bbe4800 Implicit null exception at 0x0000000003ceb520 to 0x0000000003cebb2d
Event: 3587.476 Thread 0x000000001bbe4800 Exception <a 'sun/nio/fs/WindowsException'> (0x00000000e2e153c8) thrown at [D:\src\AOSP-openjdk-cygwin\jdk8u\hotspot\src\share\vm\prims\jni.cpp, line 710]
Event: 3617.794 Thread 0x000000001b76f000 Exception <a 'java/lang/InterruptedException'> (0x00000000e8522b78) thrown at [D:\src\AOSP-openjdk-cygwin\jdk8u\hotspot\src\share\vm\runtime\objectMonitor.cpp, line 1680]
Event: 3737.137 Thread 0x000000001b76a000 Exception <a 'java/lang/ClassNotFoundException': com/sun/org/glassfish/hk2/osgiresourcelocator/ServiceLoader> (0x00000000e1bbe910) thrown at [D:\src\AOSP-openjdk-cygwin\jdk8u\hotspot\src\share\vm\classfile\systemDictionary.cpp, line 210]

Events (10 events):
Event: 3776.983 Thread 0x000000001b76a000 DEOPT PACKING pc=0x0000000005a96331 sp=0x0000000021a29fb0
Event: 3776.983 Thread 0x000000001b76a000 DEOPT UNPACKING pc=0x00000000032471d0 sp=0x0000000021a29d48 mode 0
Event: 3776.985 Thread 0x000000001b76a000 DEOPT PACKING pc=0x0000000005a96331 sp=0x0000000021a29fb0
Event: 3776.985 Thread 0x000000001b76a000 DEOPT UNPACKING pc=0x00000000032471d0 sp=0x0000000021a29d48 mode 0
Event: 3779.304 Thread 0x000000001b76a000 DEOPT PACKING pc=0x0000000005a96331 sp=0x0000000021a29f70
Event: 3779.304 Thread 0x000000001b76a000 DEOPT UNPACKING pc=0x00000000032471d0 sp=0x0000000021a29d08 mode 0
Event: 3780.175 Thread 0x000000001b76a000 DEOPT PACKING pc=0x000000000587e440 sp=0x0000000021a2ab30
Event: 3780.177 Thread 0x000000001b76a000 DEOPT UNPACKING pc=0x00000000032471d0 sp=0x0000000021a2a8e8 mode 0
Event: 3780.549 Thread 0x000000001b76a000 DEOPT PACKING pc=0x00000000053570ba sp=0x0000000021a2aac0
Event: 3780.565 Thread 0x000000001b76a000 DEOPT UNPACKING pc=0x00000000032471d0 sp=0x0000000021a2a848 mode 0


Dynamic libraries:
0x00007ff6638b0000 - 0x00007ff6638e1000 	C:\Program Files\Android\Android Studio\jre\bin\java.exe
0x00007ffeaaba0000 - 0x00007ffeaad90000 	C:\WINDOWS\SYSTEM32\ntdll.dll
0x00007ffeaa0b0000 - 0x00007ffeaa162000 	C:\WINDOWS\System32\KERNEL32.DLL
0x00007ffea8500000 - 0x00007ffea87a3000 	C:\WINDOWS\System32\KERNELBASE.dll
0x00007ffea9470000 - 0x00007ffea9513000 	C:\WINDOWS\System32\ADVAPI32.dll
0x00007ffeaa930000 - 0x00007ffeaa9ce000 	C:\WINDOWS\System32\msvcrt.dll
0x00007ffeaaa60000 - 0x00007ffeaaaf7000 	C:\WINDOWS\System32\sechost.dll
0x00007ffea8ec0000 - 0x00007ffea8fe0000 	C:\WINDOWS\System32\RPCRT4.dll
0x00007ffea9040000 - 0x00007ffea91d4000 	C:\WINDOWS\System32\USER32.dll
0x00007ffea8420000 - 0x00007ffea8441000 	C:\WINDOWS\System32\win32u.dll
0x00007ffea8ce0000 - 0x00007ffea8d06000 	C:\WINDOWS\System32\GDI32.dll
0x00007ffea8960000 - 0x00007ffea8af4000 	C:\WINDOWS\System32\gdi32full.dll
0x00007ffea8b60000 - 0x00007ffea8bfe000 	C:\WINDOWS\System32\msvcp_win.dll
0x00007ffea87e0000 - 0x00007ffea88da000 	C:\WINDOWS\System32\ucrtbase.dll
0x00007ffe910c0000 - 0x00007ffe91345000 	C:\WINDOWS\WinSxS\amd64_microsoft.windows.common-controls_6595b64144ccf1df_6.0.18362.719_none_e6c7b883130c6729\COMCTL32.dll
0x00007ffea9520000 - 0x00007ffea9856000 	C:\WINDOWS\System32\combase.dll
0x00007ffea88e0000 - 0x00007ffea8960000 	C:\WINDOWS\System32\bcryptPrimitives.dll
0x00007ffea8c50000 - 0x00007ffea8c7e000 	C:\WINDOWS\System32\IMM32.DLL
0x0000000056490000 - 0x0000000056562000 	C:\Program Files\Android\Android Studio\jre\jre\bin\msvcr100.dll
0x0000000054820000 - 0x0000000055066000 	C:\Program Files\Android\Android Studio\jre\jre\bin\server\jvm.dll
0x00007ffeaa5f0000 - 0x00007ffeaa5f8000 	C:\WINDOWS\System32\PSAPI.DLL
0x00007ffe9eda0000 - 0x00007ffe9edc4000 	C:\WINDOWS\SYSTEM32\WINMM.dll
0x00007ffe9baa0000 - 0x00007ffe9baa9000 	C:\WINDOWS\SYSTEM32\WSOCK32.dll
0x00007ffeaa8c0000 - 0x00007ffeaa92f000 	C:\WINDOWS\System32\WS2_32.dll
0x00007ffe9c150000 - 0x00007ffe9c15a000 	C:\WINDOWS\SYSTEM32\VERSION.dll
0x00007ffe9eb60000 - 0x00007ffe9eb8d000 	C:\WINDOWS\SYSTEM32\WINMMBASE.dll
0x00007ffea8c00000 - 0x00007ffea8c4a000 	C:\WINDOWS\System32\cfgmgr32.dll
0x00007ffea38e0000 - 0x00007ffea38ef000 	C:\Program Files\Android\Android Studio\jre\jre\bin\verify.dll
0x00007ffe9d630000 - 0x00007ffe9d659000 	C:\Program Files\Android\Android Studio\jre\jre\bin\java.dll
0x00007ffe9e960000 - 0x00007ffe9e976000 	C:\Program Files\Android\Android Studio\jre\jre\bin\zip.dll
0x00007ffea9860000 - 0x00007ffea9f45000 	C:\WINDOWS\System32\SHELL32.dll
0x00007ffea91e0000 - 0x00007ffea9289000 	C:\WINDOWS\System32\shcore.dll
0x00007ffea7ca0000 - 0x00007ffea8420000 	C:\WINDOWS\System32\windows.storage.dll
0x00007ffea7b00000 - 0x00007ffea7b23000 	C:\WINDOWS\System32\profapi.dll
0x00007ffea7a90000 - 0x00007ffea7ada000 	C:\WINDOWS\System32\powrprof.dll
0x00007ffea7a60000 - 0x00007ffea7a70000 	C:\WINDOWS\System32\UMPDC.dll
0x00007ffeaab00000 - 0x00007ffeaab52000 	C:\WINDOWS\System32\shlwapi.dll
0x00007ffea7a70000 - 0x00007ffea7a81000 	C:\WINDOWS\System32\kernel.appcore.dll
0x00007ffea7c80000 - 0x00007ffea7c97000 	C:\WINDOWS\System32\cryptsp.dll
0x00007ffe97070000 - 0x00007ffe9708a000 	C:\Program Files\Android\Android Studio\jre\jre\bin\net.dll
0x00007ffe9f800000 - 0x00007ffe9f9d5000 	C:\WINDOWS\SYSTEM32\urlmon.dll
0x00007ffe96b00000 - 0x00007ffe96da6000 	C:\WINDOWS\SYSTEM32\iertutil.dll
0x00007ffea7440000 - 0x00007ffea744c000 	C:\WINDOWS\SYSTEM32\CRYPTBASE.DLL
0x00007ffea7270000 - 0x00007ffea72d7000 	C:\WINDOWS\system32\mswsock.dll
0x00007ffe922c0000 - 0x00007ffe922d3000 	C:\Program Files\Android\Android Studio\jre\jre\bin\nio.dll
0x00007ffe88e90000 - 0x00007ffe88eb6000 	C:\Users\Iking Lopez\.gradle\native\29\windows-amd64\native-platform.dll
0x00007ffea1dc0000 - 0x00007ffea1dcd000 	C:\Program Files\Android\Android Studio\jre\jre\bin\management.dll
0x00007ffea6de0000 - 0x00007ffea6e13000 	C:\WINDOWS\system32\rsaenh.dll
0x00007ffea87b0000 - 0x00007ffea87d6000 	C:\WINDOWS\System32\bcrypt.dll
0x00007ffea7950000 - 0x00007ffea7975000 	C:\WINDOWS\SYSTEM32\USERENV.dll
0x00007ffea6f80000 - 0x00007ffea6fba000 	C:\WINDOWS\SYSTEM32\IPHLPAPI.DLL
0x00007ffeaaa50000 - 0x00007ffeaaa58000 	C:\WINDOWS\System32\NSI.dll
0x00007ffea1870000 - 0x00007ffea1886000 	C:\WINDOWS\SYSTEM32\dhcpcsvc6.DLL
0x00007ffea1890000 - 0x00007ffea18ac000 	C:\WINDOWS\SYSTEM32\dhcpcsvc.DLL
0x00007ffea6fc0000 - 0x00007ffea708a000 	C:\WINDOWS\SYSTEM32\DNSAPI.dll
0x00007ffe88e70000 - 0x00007ffe88e8e000 	C:\Users\Iking Lopez\AppData\Local\Temp\native-platform4617792509483564389dir\native-platform.dll

VM Arguments:
jvm_args: -Xmx1536m -Dfile.encoding=windows-1252 -Duser.country=PH -Duser.language=en -Duser.variant 
java_command: org.gradle.launcher.daemon.bootstrap.GradleDaemon 5.4.1
java_class_path (initial): C:\Users\Iking Lopez\.gradle\wrapper\dists\gradle-5.4.1-all\3221gyojl5jsh0helicew7rwx\gradle-5.4.1\lib\gradle-launcher-5.4.1.jar
Launcher Type: SUN_STANDARD

Environment Variables:
PATH=C:\Program Files\Java\jdk-11.0.2\bin;C:\Program Files (x86)\Common Files\Oracle\Java\javapath;C:\WINDOWS\system32;C:\WINDOWS;C:\WINDOWS\System32\Wbem;C:\WINDOWS\System32\WindowsPowerShell\v1.0\;C:\Program Files (x86)\Skype\Phone\;C:\Program Files (x86)\Windows Live\Shared;C:\WINDOWS\System32\OpenSSH\;C:\Program Files\Git\cmd;C:\Program Files\nodejs\;C:\Users\Iking Lopez\AppData\Local\Programs\Python\Python36-32\Scripts\;C:\Users\Iking Lopez\AppData\Local\Programs\Python\Python36-32\;C:\Users\Iking Lopez\AppData\Local\Microsoft\WindowsApps;C:\MinGW\bin;C:\Program Files\MongoDB\Server\4.2\bin;C:\Users\Iking Lopez\AppData\Roaming\npm
USERNAME=Iking Lopez
OS=Windows_NT
PROCESSOR_IDENTIFIER=AMD64 Family 21 Model 112 Stepping 0, AuthenticAMD



---------------  S Y S T E M  ---------------

OS: Windows 10.0 , 64 bit Build 18362 (10.0.18362.329)

CPU:total 2 (initial active 2) (2 cores per cpu, 1 threads per core) family 21 model 112 stepping 0, cmov, cx8, fxsr, mmx, sse, sse2, sse3, ssse3, sse4.1, sse4.2, popcnt, avx, avx2, aes, clmul, mmxext, 3dnowpref, lzcnt, sse4a, tsc, tscinvbit, tscinv, bmi1

Memory: 4k page, physical 3997672k(247520k free), swap 8191976k(3796k free)

vm_info: OpenJDK 64-Bit Server VM (25.212-b04) for windows-amd64 JRE (1.8.0_212-release-1586-b04), built by "builder" with MS VC++ 10.0 (VS2010)

time: Mon Mar 16 16:31:56 2020
timezone: Malay Peninsula Standard Time
elapsed time: 3781 seconds (0d 1h 3m 1s)

