#
# There is insufficient memory for the Java Runtime Environment to continue.
# Native memory allocation (malloc) failed to allocate 32744 bytes for ChunkPool::allocate
# Possible reasons:
#   The system is out of physical RAM or swap space
#   The process is running with CompressedOops enabled, and the Java Heap may be blocking the growth of the native heap
# Possible solutions:
#   Reduce memory load on the system
#   Increase physical memory or swap space
#   Check if swap backing store is full
#   Decrease Java heap size (-Xmx/-Xms)
#   Decrease number of Java threads
#   Decrease Java thread stack sizes (-Xss)
#   Set larger code cache with -XX:ReservedCodeCacheSize=
#   JVM is running with Unscaled Compressed Oops mode in which the Java heap is
#     placed in the first 4GB address space. The Java Heap base address is the
#     maximum limit for the native heap growth. Please use -XX:HeapBaseMinAddress
#     to set the Java Heap base and to place the Java Heap above 4GB virtual address.
# This output file may be truncated or incomplete.
#
#  Out of Memory Error (allocation.cpp:272), pid=12388, tid=0x0000000000002d38
#
# JRE version: OpenJDK Runtime Environment (8.0_202-b03) (build 1.8.0_202-release-1483-b03)
# Java VM: OpenJDK 64-Bit Server VM (25.202-b03 mixed mode windows-amd64 compressed oops)
# Failed to write core dump. Minidumps are not enabled by default on client versions of Windows
#

---------------  T H R E A D  ---------------

Current thread (0x00000000153f1800):  JavaThread "C1 CompilerThread1" daemon [_thread_in_native, id=11576, stack(0x0000000016520000,0x0000000016620000)]

Stack: [0x0000000016520000,0x0000000016620000]
[error occurred during error reporting (printing stack bounds), id 0xc0000005]

Native frames: (J=compiled Java code, j=interpreted, Vv=VM code, C=native code)


Current CompileTask:
C1:  12573 2689   !   3      
[error occurred during error reporting (printing current compile task), id 0xe0000001]


---------------  P R O C E S S  ---------------

Java Threads: ( => current thread )
  0x000000001547a000 JavaThread "Service Thread" daemon [_thread_blocked, id=10820, stack(0x0000000016620000,0x0000000016720000)]
=>0x00000000153f1800 JavaThread "C1 CompilerThread1" daemon [_thread_in_native, id=11576, stack(0x0000000016520000,0x0000000016620000)]
  0x00000000153ee800 JavaThread "C2 CompilerThread0" daemon [_thread_in_native, id=12860, stack(0x0000000016420000,0x0000000016520000)]
  0x00000000153ed800 JavaThread "Attach Listener" daemon [_thread_blocked, id=6280, stack(0x0000000016320000,0x0000000016420000)]
  0x00000000153ea000 JavaThread "Signal Dispatcher" daemon [_thread_blocked, id=8892, stack(0x0000000016220000,0x0000000016320000)]
  0x000000000311c000 JavaThread "Finalizer" daemon [_thread_blocked, id=13160, stack(0x0000000016020000,0x0000000016120000)]
  0x00000000153d7000 JavaThread "Reference Handler" daemon [_thread_blocked, id=9380, stack(0x0000000015f20000,0x0000000016020000)]
  0x0000000003024800 JavaThread "main" [_thread_in_vm, id=3040, stack(0x0000000002f20000,0x0000000003020000)]

Other Threads:
  0x00000000153b5000 VMThread [stack: 0x0000000015e20000,0x0000000015f20000] [id=3680]
  0x000000001547e800 WatcherThread [stack: 0x0000000016720000,0x0000000016820000] [id=4672]

VM state:not at safepoint (normal execution)

VM Mutex/Monitor currently owned by a thread: None

heap address: 0x00000000c3000000, size: 976 MB, Compressed Oops mode: 32-bit
Narrow klass base: 0x0000000000000000, Narrow klass shift: 3
Compressed class space size: 1073741824 Address: 0x0000000100000000

Heap:
 PSYoungGen      total 79360K, used 9141K [0x00000000ebb00000, 0x00000000f3800000, 0x0000000100000000)
  eden space 65536K, 13% used [0x00000000ebb00000,0x00000000ec3ed550,0x00000000efb00000)
  from space 13824K, 0% used [0x00000000f0900000,0x00000000f0900000,0x00000000f1680000)
  to   space 14336K, 0% used [0x00000000efb00000,0x00000000efb00000,0x00000000f0900000)
 ParOldGen       total 43520K, used 15724K [0x00000000c3000000, 0x00000000c5a80000, 0x00000000ebb00000)
  object space 43520K, 36% used [0x00000000c3000000,0x00000000c3f5b3d0,0x00000000c5a80000)
 Metaspace       used 35579K, capacity 36124K, committed 36480K, reserved 1081344K
  class space    used 4570K, capacity 4721K, committed 4736K, reserved 1048576K

Card table byte_map: [0x00000000124e0000,0x00000000126d0000] byte_map_base: 0x0000000011ec8000

Marking Bits: (ParMarkBitMap*) 0x0000000060da9f30
 Begin Bits: [0x0000000012a20000, 0x0000000013960000)
 End Bits:   [0x0000000013960000, 0x00000000148a0000)

Polling page: 0x0000000002db0000

CodeCache: size=245760Kb used=8756Kb max_used=8762Kb free=237003Kb
 bounds [0x0000000003120000, 0x00000000039c0000, 0x0000000012120000]
 total_blobs=3094 nmethods=2660 adapters=347
 compilation: enabled

Compilation events (10 events):
Event: 12.516 Thread 0x00000000153f1800 2684       3       org.jetbrains.kotlin.load.java.structure.impl.classFiles.BinaryJavaAnnotationVisitor::<init> (44 bytes)
Event: 12.517 Thread 0x00000000153ee800 2686       4       org.jetbrains.kotlin.load.java.structure.impl.classFiles.BinaryClassSignatureParser::parseParameterizedClassRefSignature (295 bytes)
Event: 12.517 Thread 0x00000000153f1800 nmethod 2684 0x00000000039b2250 code [0x00000000039b2400, 0x00000000039b28d8]
Event: 12.517 Thread 0x00000000153f1800 2685       3       org.jetbrains.org.objectweb.asm.AnnotationVisitor::<init> (47 bytes)
Event: 12.518 Thread 0x00000000153f1800 nmethod 2685 0x00000000039b1c50 code [0x00000000039b1dc0, 0x00000000039b2148]
Event: 12.555 Thread 0x00000000153f1800 2687       3       org.jetbrains.kotlin.load.java.structure.impl.classFiles.BinaryJavaAnnotation$classifierResolutionResult$2::<init> (16 bytes)
Event: 12.556 Thread 0x00000000153f1800 nmethod 2687 0x00000000039b1790 code [0x00000000039b1900, 0x00000000039b1b50]
Event: 12.556 Thread 0x00000000153f1800 2688       3       org.jetbrains.kotlin.load.java.structure.impl.classFiles.BinaryJavaAnnotation::<init> (37 bytes)
Event: 12.557 Thread 0x00000000153f1800 nmethod 2688 0x00000000039b1050 code [0x00000000039b11e0, 0x00000000039b15c8]
Event: 12.568 Thread 0x00000000153f1800 2689   !   3       org.jetbrains.kotlin.storage.LockBasedStorageManager$LockBasedLazyValue::invoke (257 bytes)

GC Heap History (10 events):
Event: 5.531 GC heap before
{Heap before GC invocations=6 (full 1):
 PSYoungGen      total 34304K, used 2532K [0x00000000ebb00000, 0x00000000f0900000, 0x0000000100000000)
  eden space 31744K, 0% used [0x00000000ebb00000,0x00000000ebb00000,0x00000000eda00000)
  from space 2560K, 98% used [0x00000000eda00000,0x00000000edc79050,0x00000000edc80000)
  to   space 8192K, 0% used [0x00000000f0100000,0x00000000f0100000,0x00000000f0900000)
 ParOldGen       total 42496K, used 14806K [0x00000000c3000000, 0x00000000c5980000, 0x00000000ebb00000)
  object space 42496K, 34% used [0x00000000c3000000,0x00000000c3e75800,0x00000000c5980000)
 Metaspace       used 20734K, capacity 21106K, committed 21296K, reserved 1069056K
  class space    used 2448K, capacity 2591K, committed 2688K, reserved 1048576K
Event: 5.646 GC heap after
Heap after GC invocations=6 (full 1):
 PSYoungGen      total 34304K, used 0K [0x00000000ebb00000, 0x00000000f0900000, 0x0000000100000000)
  eden space 31744K, 0% used [0x00000000ebb00000,0x00000000ebb00000,0x00000000eda00000)
  from space 2560K, 0% used [0x00000000eda00000,0x00000000eda00000,0x00000000edc80000)
  to   space 8192K, 0% used [0x00000000f0100000,0x00000000f0100000,0x00000000f0900000)
 ParOldGen       total 43520K, used 13172K [0x00000000c3000000, 0x00000000c5a80000, 0x00000000ebb00000)
  object space 43520K, 30% used [0x00000000c3000000,0x00000000c3cdd108,0x00000000c5a80000)
 Metaspace       used 20734K, capacity 21106K, committed 21296K, reserved 1069056K
  class space    used 2448K, capacity 2591K, committed 2688K, reserved 1048576K
}
Event: 8.333 GC heap before
{Heap before GC invocations=7 (full 1):
 PSYoungGen      total 34304K, used 31744K [0x00000000ebb00000, 0x00000000f0900000, 0x0000000100000000)
  eden space 31744K, 100% used [0x00000000ebb00000,0x00000000eda00000,0x00000000eda00000)
  from space 2560K, 0% used [0x00000000eda00000,0x00000000eda00000,0x00000000edc80000)
  to   space 8192K, 0% used [0x00000000f0100000,0x00000000f0100000,0x00000000f0900000)
 ParOldGen       total 43520K, used 13172K [0x00000000c3000000, 0x00000000c5a80000, 0x00000000ebb00000)
  object space 43520K, 30% used [0x00000000c3000000,0x00000000c3cdd108,0x00000000c5a80000)
 Metaspace       used 24359K, capacity 24782K, committed 24832K, reserved 1071104K
  class space    used 2906K, capacity 3057K, committed 3072K, reserved 1048576K
Event: 8.358 GC heap after
Heap after GC invocations=7 (full 1):
 PSYoungGen      total 53248K, used 7463K [0x00000000ebb00000, 0x00000000f0880000, 0x0000000100000000)
  eden space 45568K, 0% used [0x00000000ebb00000,0x00000000ebb00000,0x00000000ee780000)
  from space 7680K, 97% used [0x00000000f0100000,0x00000000f0849d18,0x00000000f0880000)
  to   space 8704K, 0% used [0x00000000ef780000,0x00000000ef780000,0x00000000f0000000)
 ParOldGen       total 43520K, used 13180K [0x00000000c3000000, 0x00000000c5a80000, 0x00000000ebb00000)
  object space 43520K, 30% used [0x00000000c3000000,0x00000000c3cdf108,0x00000000c5a80000)
 Metaspace       used 24359K, capacity 24782K, committed 24832K, reserved 1071104K
  class space    used 2906K, capacity 3057K, committed 3072K, reserved 1048576K
}
Event: 10.875 GC heap before
{Heap before GC invocations=8 (full 1):
 PSYoungGen      total 53248K, used 53031K [0x00000000ebb00000, 0x00000000f0880000, 0x0000000100000000)
  eden space 45568K, 100% used [0x00000000ebb00000,0x00000000ee780000,0x00000000ee780000)
  from space 7680K, 97% used [0x00000000f0100000,0x00000000f0849d18,0x00000000f0880000)
  to   space 8704K, 0% used [0x00000000ef780000,0x00000000ef780000,0x00000000f0000000)
 ParOldGen       total 43520K, used 13180K [0x00000000c3000000, 0x00000000c5a80000, 0x00000000ebb00000)
  object space 43520K, 30% used [0x00000000c3000000,0x00000000c3cdf108,0x00000000c5a80000)
 Metaspace       used 32698K, capacity 33176K, committed 33536K, reserved 1079296K
  class space    used 4223K, capacity 4348K, committed 4352K, reserved 1048576K
Event: 10.924 GC heap after
Heap after GC invocations=8 (full 1):
 PSYoungGen      total 70656K, used 8690K [0x00000000ebb00000, 0x00000000f1680000, 0x0000000100000000)
  eden space 61952K, 0% used [0x00000000ebb00000,0x00000000ebb00000,0x00000000ef780000)
  from space 8704K, 99% used [0x00000000ef780000,0x00000000efffca08,0x00000000f0000000)
  to   space 13824K, 0% used [0x00000000f0900000,0x00000000f0900000,0x00000000f1680000)
 ParOldGen       total 43520K, used 20776K [0x00000000c3000000, 0x00000000c5a80000, 0x00000000ebb00000)
  object space 43520K, 47% used [0x00000000c3000000,0x00000000c444a2d0,0x00000000c5a80000)
 Metaspace       used 32698K, capacity 33176K, committed 33536K, reserved 1079296K
  class space    used 4223K, capacity 4348K, committed 4352K, reserved 1048576K
}
Event: 11.392 GC heap before
{Heap before GC invocations=9 (full 1):
 PSYoungGen      total 70656K, used 18465K [0x00000000ebb00000, 0x00000000f1680000, 0x0000000100000000)
  eden space 61952K, 15% used [0x00000000ebb00000,0x00000000ec48bbb0,0x00000000ef780000)
  from space 8704K, 99% used [0x00000000ef780000,0x00000000efffca08,0x00000000f0000000)
  to   space 13824K, 0% used [0x00000000f0900000,0x00000000f0900000,0x00000000f1680000)
 ParOldGen       total 43520K, used 20776K [0x00000000c3000000, 0x00000000c5a80000, 0x00000000ebb00000)
  object space 43520K, 47% used [0x00000000c3000000,0x00000000c444a2d0,0x00000000c5a80000)
 Metaspace       used 34707K, capacity 35190K, committed 35456K, reserved 1079296K
  class space    used 4487K, capacity 4625K, committed 4736K, reserved 1048576K
Event: 11.430 GC heap after
Heap after GC invocations=9 (full 1):
 PSYoungGen      total 79360K, used 10364K [0x00000000ebb00000, 0x00000000f3800000, 0x0000000100000000)
  eden space 65536K, 0% used [0x00000000ebb00000,0x00000000ebb00000,0x00000000efb00000)
  from space 13824K, 74% used [0x00000000f0900000,0x00000000f131f3a8,0x00000000f1680000)
  to   space 14336K, 0% used [0x00000000efb00000,0x00000000efb00000,0x00000000f0900000)
 ParOldGen       total 43520K, used 20776K [0x00000000c3000000, 0x00000000c5a80000, 0x00000000ebb00000)
  object space 43520K, 47% used [0x00000000c3000000,0x00000000c444a2d0,0x00000000c5a80000)
 Metaspace       used 34707K, capacity 35190K, committed 35456K, reserved 1079296K
  class space    used 4487K, capacity 4625K, committed 4736K, reserved 1048576K
}
Event: 11.430 GC heap before
{Heap before GC invocations=10 (full 2):
 PSYoungGen      total 79360K, used 10364K [0x00000000ebb00000, 0x00000000f3800000, 0x0000000100000000)
  eden space 65536K, 0% used [0x00000000ebb00000,0x00000000ebb00000,0x00000000efb00000)
  from space 13824K, 74% used [0x00000000f0900000,0x00000000f131f3a8,0x00000000f1680000)
  to   space 14336K, 0% used [0x00000000efb00000,0x00000000efb00000,0x00000000f0900000)
 ParOldGen       total 43520K, used 20776K [0x00000000c3000000, 0x00000000c5a80000, 0x00000000ebb00000)
  object space 43520K, 47% used [0x00000000c3000000,0x00000000c444a2d0,0x00000000c5a80000)
 Metaspace       used 34707K, capacity 35190K, committed 35456K, reserved 1079296K
  class space    used 4487K, capacity 4625K, committed 4736K, reserved 1048576K
Event: 11.656 GC heap after
Heap after GC invocations=10 (full 2):
 PSYoungGen      total 79360K, used 0K [0x00000000ebb00000, 0x00000000f3800000, 0x0000000100000000)
  eden space 65536K, 0% used [0x00000000ebb00000,0x00000000ebb00000,0x00000000efb00000)
  from space 13824K, 0% used [0x00000000f0900000,0x00000000f0900000,0x00000000f1680000)
  to   space 14336K, 0% used [0x00000000efb00000,0x00000000efb00000,0x00000000f0900000)
 ParOldGen       total 43520K, used 15724K [0x00000000c3000000, 0x00000000c5a80000, 0x00000000ebb00000)
  object space 43520K, 36% used [0x00000000c3000000,0x00000000c3f5b3d0,0x00000000c5a80000)
 Metaspace       used 34707K, capacity 35190K, committed 35456K, reserved 1079296K
  class space    used 4487K, capacity 4625K, committed 4736K, reserved 1048576K
}

Deoptimization events (10 events):
Event: 8.465 Thread 0x0000000003024800 Uncommon trap: reason=class_check action=maybe_recompile pc=0x0000000003726f18 method=org.jetbrains.kotlin.protobuf.CodedInputStream.tryRefillBuffer(I)Z @ 177
Event: 8.487 Thread 0x0000000003024800 Uncommon trap: reason=class_check action=maybe_recompile pc=0x0000000003726f18 method=org.jetbrains.kotlin.protobuf.CodedInputStream.tryRefillBuffer(I)Z @ 177
Event: 8.492 Thread 0x0000000003024800 Uncommon trap: reason=class_check action=maybe_recompile pc=0x0000000003726f18 method=org.jetbrains.kotlin.protobuf.CodedInputStream.tryRefillBuffer(I)Z @ 177
Event: 8.506 Thread 0x0000000003024800 Uncommon trap: reason=class_check action=maybe_recompile pc=0x0000000003726f18 method=org.jetbrains.kotlin.protobuf.CodedInputStream.tryRefillBuffer(I)Z @ 177
Event: 9.229 Thread 0x0000000003024800 Uncommon trap: reason=range_check action=make_not_entrant pc=0x000000000353d8e0 method=sun.reflect.generics.parser.SignatureParser.current()C @ 34
Event: 9.320 Thread 0x0000000003024800 Uncommon trap: reason=unstable_if action=reinterpret pc=0x00000000037cfef8 method=java.lang.reflect.Method.equals(Ljava/lang/Object;)Z @ 49
Event: 10.632 Thread 0x0000000003024800 Uncommon trap: reason=unstable_if action=reinterpret pc=0x000000000330820c method=sun.nio.cs.UTF_8$Encoder.encode([CII[B)I @ 33
Event: 10.633 Thread 0x0000000003024800 Uncommon trap: reason=unstable_if action=reinterpret pc=0x000000000338a5bc method=sun.nio.cs.UTF_8$Decoder.decode([BII[C)I @ 30
Event: 10.633 Thread 0x0000000003024800 Uncommon trap: reason=unstable_if action=reinterpret pc=0x000000000338c994 method=sun.net.www.ParseUtil.encodePath(Ljava/lang/String;Z)Ljava/lang/String; @ 81
Event: 11.844 Thread 0x0000000003024800 Uncommon trap: reason=unstable_if action=reinterpret pc=0x0000000003939160 method=java.text.StringCharacterIterator.current()C @ 19

Classes redefined (0 events):
No events

Internal exceptions (10 events):
Event: 4.264 Thread 0x0000000003024800 Implicit null exception at 0x000000000338772f to 0x0000000003387799
Event: 4.468 Thread 0x0000000003024800 Exception <a 'java/lang/NoSuchMethodError': java.lang.Object.lambda$comparing$77a9974f$1(Ljava/util/function/Function;Ljava/lang/Object;Ljava/lang/Object;)I> (0x00000000ebbe36a8) thrown at [D:\src\AOSP-openjdk-cygwin\jdk8u\hotspot\src\share\vm\interpreter
Event: 4.522 Thread 0x0000000003024800 Exception <a 'java/lang/NoSuchMethodError': java.lang.Object.lambda$static$0()J> (0x00000000ebcf7248) thrown at [D:\src\AOSP-openjdk-cygwin\jdk8u\hotspot\src\share\vm\interpreter\linkResolver.cpp, line 620]
Event: 5.028 Thread 0x0000000003024800 Exception <a 'java/lang/NoSuchMethodError': java.lang.Object.lambda$static$0(I)[Lorg/jetbrains/kotlin/com/intellij/openapi/editor/event/DocumentListener;> (0x00000000ec46d038) thrown at [D:\src\AOSP-openjdk-cygwin\jdk8u\hotspot\src\share\vm\interpreter\li
Event: 5.170 Thread 0x0000000003024800 Exception <a 'java/lang/NoSuchMethodError': java.lang.Object.lambda$static$0(I)[Lorg/jetbrains/kotlin/com/intellij/psi/PsiAnnotation;> (0x00000000ec691470) thrown at [D:\src\AOSP-openjdk-cygwin\jdk8u\hotspot\src\share\vm\interpreter\linkResolver.cpp, line
Event: 5.443 Thread 0x0000000003024800 Exception <a 'java/lang/NoSuchMethodError': java.lang.Object.lambda$static$0(I)[Lorg/jetbrains/kotlin/com/intellij/psi/PsiElement;> (0x00000000ecb90988) thrown at [D:\src\AOSP-openjdk-cygwin\jdk8u\hotspot\src\share\vm\interpreter\linkResolver.cpp, line 62
Event: 9.229 Thread 0x0000000003024800 Exception <a 'java/lang/ArrayIndexOutOfBoundsException': 126> (0x00000000ec450ab0) thrown at [D:\src\AOSP-openjdk-cygwin\jdk8u\hotspot\src\share\vm\interpreter\interpreterRuntime.cpp, line 368]
Event: 11.062 Thread 0x0000000003024800 Exception <a 'java/lang/NoSuchMethodError': java.lang.Object.lambda$static$0(I)[Lorg/jetbrains/kotlin/psi/KtExpression;> (0x00000000ebce0da8) thrown at [D:\src\AOSP-openjdk-cygwin\jdk8u\hotspot\src\share\vm\interpreter\linkResolver.cpp, line 620]
Event: 11.193 Thread 0x0000000003024800 Exception <a 'java/lang/NoSuchMethodError': java.lang.Object.lambda$static$0(I)[Lorg/jetbrains/kotlin/psi/KtDeclaration;> (0x00000000ebf9fee0) thrown at [D:\src\AOSP-openjdk-cygwin\jdk8u\hotspot\src\share\vm\interpreter\linkResolver.cpp, line 620]
Event: 11.251 Thread 0x0000000003024800 Exception <a 'java/lang/NoSuchMethodError': java.lang.Object.lambda$static$0(I)[Lorg/jetbrains/kotlin/psi/KtTypeElement;> (0x00000000ec0df7e8) thrown at [D:\src\AOSP-openjdk-cygwin\jdk8u\hotspot\src\share\vm\interpreter\linkResolver.cpp, line 620]

Events (10 events):
Event: 12.241 loading class org/jetbrains/kotlin/load/java/structure/impl/classFiles/PlainJavaLiteralAnnotationArgument
Event: 12.241 loading class org/jetbrains/kotlin/load/java/structure/impl/classFiles/PlainJavaLiteralAnnotationArgument done
Event: 12.244 loading class org/jetbrains/kotlin/load/java/structure/JavaLiteralAnnotationArgument
Event: 12.244 loading class org/jetbrains/kotlin/load/java/structure/JavaLiteralAnnotationArgument done
Event: 12.404 Thread 0x0000000003024800 DEOPT PACKING pc=0x00000000038f3dda sp=0x000000000301b6b0
Event: 12.404 Thread 0x0000000003024800 DEOPT UNPACKING pc=0x00000000031671d0 sp=0x000000000301b530 mode 0
Event: 12.507 loading class org/jetbrains/kotlin/load/java/structure/impl/classFiles/PlainJavaAnnotationAsAnnotationArgument
Event: 12.507 loading class org/jetbrains/kotlin/load/java/structure/impl/classFiles/PlainJavaAnnotationAsAnnotationArgument done
Event: 12.515 loading class org/jetbrains/kotlin/load/java/structure/JavaAnnotationAsAnnotationArgument
Event: 12.515 loading class org/jetbrains/kotlin/load/java/structure/JavaAnnotationAsAnnotationArgument done


Dynamic libraries:
0x00007ff642cb0000 - 0x00007ff642ce1000 	C:\Program Files\Android\Android Studio\jre\jre\bin\java.exe
0x00007ffd902a0000 - 0x00007ffd90490000 	C:\WINDOWS\SYSTEM32\ntdll.dll
0x00007ffd8ff20000 - 0x00007ffd8ffd2000 	C:\WINDOWS\System32\KERNEL32.DLL
0x00007ffd8df80000 - 0x00007ffd8e223000 	C:\WINDOWS\System32\KERNELBASE.dll
0x00007ffd901b0000 - 0x00007ffd90253000 	C:\WINDOWS\System32\ADVAPI32.dll
0x00007ffd8e5d0000 - 0x00007ffd8e66e000 	C:\WINDOWS\System32\msvcrt.dll
0x00007ffd8f720000 - 0x00007ffd8f7b7000 	C:\WINDOWS\System32\sechost.dll
0x00007ffd8f600000 - 0x00007ffd8f720000 	C:\WINDOWS\System32\RPCRT4.dll
0x00007ffd8eac0000 - 0x00007ffd8ec54000 	C:\WINDOWS\System32\USER32.dll
0x00007ffd8d480000 - 0x00007ffd8d4a1000 	C:\WINDOWS\System32\win32u.dll
0x00007ffd90180000 - 0x00007ffd901a6000 	C:\WINDOWS\System32\GDI32.dll
0x00007ffd8d2e0000 - 0x00007ffd8d474000 	C:\WINDOWS\System32\gdi32full.dll
0x00007ffd8d590000 - 0x00007ffd8d62e000 	C:\WINDOWS\System32\msvcp_win.dll
0x00007ffd8e230000 - 0x00007ffd8e32a000 	C:\WINDOWS\System32\ucrtbase.dll
0x00007ffd73a70000 - 0x00007ffd73cf5000 	C:\WINDOWS\WinSxS\amd64_microsoft.windows.common-controls_6595b64144ccf1df_6.0.18362.657_none_e6c5b579130e3898\COMCTL32.dll
0x00007ffd8ed30000 - 0x00007ffd8f066000 	C:\WINDOWS\System32\combase.dll
0x00007ffd8d780000 - 0x00007ffd8d800000 	C:\WINDOWS\System32\bcryptPrimitives.dll
0x00007ffd8f080000 - 0x00007ffd8f0ae000 	C:\WINDOWS\System32\IMM32.DLL
0x0000000060500000 - 0x00000000605d2000 	C:\Program Files\Android\Android Studio\jre\jre\bin\msvcr100.dll
0x00000000605e0000 - 0x0000000060e26000 	C:\Program Files\Android\Android Studio\jre\jre\bin\server\jvm.dll
0x00007ffd8f120000 - 0x00007ffd8f128000 	C:\WINDOWS\System32\PSAPI.DLL
0x00007ffd7ceb0000 - 0x00007ffd7ceb9000 	C:\WINDOWS\SYSTEM32\WSOCK32.dll
0x00007ffd8f7c0000 - 0x00007ffd8f82f000 	C:\WINDOWS\System32\WS2_32.dll
0x00007ffd8acb0000 - 0x00007ffd8acd4000 	C:\WINDOWS\SYSTEM32\WINMM.dll
0x00007ffd8ac80000 - 0x00007ffd8acad000 	C:\WINDOWS\SYSTEM32\WINMMBASE.dll
0x00007ffd8d230000 - 0x00007ffd8d27a000 	C:\WINDOWS\System32\cfgmgr32.dll
0x00007ffd86f00000 - 0x00007ffd86f0a000 	C:\WINDOWS\SYSTEM32\VERSION.dll
0x00007ffd89a40000 - 0x00007ffd89a4f000 	C:\Program Files\Android\Android Studio\jre\jre\bin\verify.dll
0x00007ffd81120000 - 0x00007ffd81149000 	C:\Program Files\Android\Android Studio\jre\jre\bin\java.dll
0x00007ffd86d10000 - 0x00007ffd86d26000 	C:\Program Files\Android\Android Studio\jre\jre\bin\zip.dll
0x00007ffd8f830000 - 0x00007ffd8ff15000 	C:\WINDOWS\System32\SHELL32.dll
0x00007ffd8e480000 - 0x00007ffd8e529000 	C:\WINDOWS\System32\shcore.dll
0x00007ffd8d800000 - 0x00007ffd8df7f000 	C:\WINDOWS\System32\windows.storage.dll
0x00007ffd8d1f0000 - 0x00007ffd8d20f000 	C:\WINDOWS\System32\profapi.dll
0x00007ffd8d1a0000 - 0x00007ffd8d1ea000 	C:\WINDOWS\System32\powrprof.dll
0x00007ffd8d170000 - 0x00007ffd8d180000 	C:\WINDOWS\System32\UMPDC.dll
0x00007ffd8f130000 - 0x00007ffd8f182000 	C:\WINDOWS\System32\shlwapi.dll
0x00007ffd8d210000 - 0x00007ffd8d221000 	C:\WINDOWS\System32\kernel.appcore.dll
0x00007ffd8e330000 - 0x00007ffd8e347000 	C:\WINDOWS\System32\cryptsp.dll
0x00007ffd6bbf0000 - 0x00007ffd6bc0a000 	C:\Program Files\Android\Android Studio\jre\jre\bin\net.dll
0x00007ffd8c980000 - 0x00007ffd8c9e7000 	C:\WINDOWS\system32\mswsock.dll
0x00007ffd6aa70000 - 0x00007ffd6aa81000 	C:\Program Files\Android\Android Studio\jre\jre\bin\nio.dll

VM Arguments:
java_command: org.jetbrains.kotlin.cli.jvm.K2JVMCompiler -Xallow-no-source-files -classpath C:\Users\Iking Lopez\.gradle\caches\modules-2\files-2.1\org.jetbrains.kotlin\kotlin-android-extensions-runtime\1.3.50\bec16087637a7cafe54894e73d38037977cb30d2\kotlin-android-extensions-runtime-1.3.50.jar;C:\Users\Iking Lopez\.gradle\caches\modules-2\files-2.1\org.jetbrains.kotlin\kotlin-stdlib-jdk7\1.3.50\50ad05ea1c2595fb31b800e76db464d08d599af3\kotlin-stdlib-jdk7-1.3.50.jar;C:\Users\Iking Lopez\.gradle\caches\transforms-2\files-2.1\baf6a09ea1fab5ebe94dc18f73e6f547\core-ktx-1.0.2-api.jar;C:\Users\Iking Lopez\.gradle\caches\modules-2\files-2.1\org.jetbrains.kotlin\kotlin-stdlib\1.3.50\b529d1738c7e98bbfa36a4134039528f2ce78ebf\kotlin-stdlib-1.3.50.jar;C:\Users\Iking Lopez\.gradle\caches\modules-2\files-2.1\org.jetbrains.kotlin\kotlin-stdlib-common\1.3.50\3d9cd3e1bc7b92e95f43d45be3bfbcf38e36ab87\kotlin-stdlib-common-1.3.50.jar;C:\Users\Iking Lopez\.gradle\caches\modules-2\files-2.1\org.jetbrains\annotations\13.0\919f0dfe192fb4e063e7dacadee7f8bb9a2672a9\annotations-13.0.jar;C:\Users\Iking Lopez\.gradle\caches\transforms-2\files-2.1\fff8a16dfb870bc1af7fdeab1f555e65\appcompat-1.0.2-api.jar;C:\Users\Iking Lopez\.gradle\caches\transforms-2\files-2.1\1c760db8877a49bfa7232ddd9f01bb32\fragment-1.0.0-api.jar;C:\Users\Iking Lopez\.gradle\caches\transforms-2\files-2.1\f8352427d5deb2bae3695048fb509031\vectordrawable-animated-1.0.0-api.jar;C:\Users\Iking Lopez\.gradle\caches\transforms-2\files-2.1\5b087043fcd079bb93a09c246576294e\legacy-support-core-ui-1.0.0-api.jar;C:\Users\Iking Lopez\.gradle\caches\transforms-2\files-2.1\e0b37d9403497232bc7ad39171c5ce93\legacy-support-core-utils-1.0.0-api.jar;C:\Users\Iking Lopez\.gradle\caches\transforms-2\files-2.1\a6a2130e9caa9ebfd566f5d75cb4e491\vectordrawable-1.0.1-api.jar;C:\Users\Iking Lopez\.gradle\caches\transforms-2\files-2.1\45f8209ee39e13f3cab9d7b0e8f651dd\loader-1.0.0-api.jar;C:\Users\Iking Lopez\.gradle\caches\transforms-2\files-2.1\030ed8f
java_class_path (initial): C:\Users\Iking Lopez\.gradle\caches\modules-2\files-2.1\org.jetbrains.kotlin\kotlin-compiler-embeddable\1.3.50\1251c1768e5769b06c2487d6f6cf8acf6efb8960\kotlin-compiler-embeddable-1.3.50.jar;C:\Users\Iking Lopez\.gradle\caches\modules-2\files-2.1\org.jetbrains.kotlin\kotlin-reflect\1.3.50\b499f22fd7c3e9c2e5b6c4005221fa47fc7f9a7a\kotlin-reflect-1.3.50.jar;C:\Users\Iking Lopez\.gradle\caches\modules-2\files-2.1\org.jetbrains.kotlin\kotlin-stdlib\1.3.50\b529d1738c7e98bbfa36a4134039528f2ce78ebf\kotlin-stdlib-1.3.50.jar;C:\Users\Iking Lopez\.gradle\caches\modules-2\files-2.1\org.jetbrains.kotlin\kotlin-script-runtime\1.3.50\59492b8dfb92522ba0ddb5dd1c4d0ef0a4fca1af\kotlin-script-runtime-1.3.50.jar;C:\Users\Iking Lopez\.gradle\caches\modules-2\files-2.1\org.jetbrains.kotlin\kotlin-daemon-embeddable\1.3.50\5cb93bb33f4c6f833ead0beca4c831668e00cf52\kotlin-daemon-embeddable-1.3.50.jar;C:\Users\Iking Lopez\.gradle\caches\modules-2\files-2.1\org.jetbrains.intellij.deps\trove4j\1.0.20181211\216c2e14b070f334479d800987affe4054cd563f\trove4j-1.0.20181211.jar;C:\Users\Iking Lopez\.gradle\caches\modules-2\files-2.1\org.jetbrains.kotlin\kotlin-stdlib-common\1.3.50\3d9cd3e1bc7b92e95f43d45be3bfbcf38e36ab87\kotlin-stdlib-common-1.3.50.jar;C:\Users\Iking Lopez\.gradle\caches\modules-2\files-2.1\org.jetbrains\annotations\13.0\919f0dfe192fb4e063e7dacadee7f8bb9a2672a9\annotations-13.0.jar;C:\Program Files\Android\Android Studio\jre\lib\tools.jar
Launcher Type: SUN_STANDARD

Environment Variables:
PATH=C:\Program Files\Java\jdk-11.0.2\bin;C:\Program Files (x86)\Common Files\Oracle\Java\javapath;C:\WINDOWS\system32;C:\WINDOWS;C:\WINDOWS\System32\Wbem;C:\WINDOWS\System32\WindowsPowerShell\v1.0\;C:\Program Files (x86)\Skype\Phone\;C:\Program Files (x86)\Windows Live\Shared;C:\WINDOWS\System32\OpenSSH\;C:\Program Files\Git\cmd;C:\Users\Iking Lopez\AppData\Local\Programs\Python\Python36-32\Scripts\;C:\Users\Iking Lopez\AppData\Local\Programs\Python\Python36-32\;C:\Users\Iking Lopez\AppData\Local\Microsoft\WindowsApps;C:\MinGW\bin;
USERNAME=Iking Lopez
OS=Windows_NT
PROCESSOR_IDENTIFIER=AMD64 Family 21 Model 112 Stepping 0, AuthenticAMD



---------------  S Y S T E M  ---------------

OS: Windows 10.0 , 64 bit Build 18362 (10.0.18362.329)

CPU:total 2 (initial active 2) (2 cores per cpu, 1 threads per core) family 21 model 112 stepping 0, cmov, cx8, fxsr, mmx, sse, sse2, sse3, ssse3, sse4.1, sse4.2, popcnt, avx, avx2, aes, clmul, mmxext, 3dnowpref, lzcnt, sse4a, tsc, tscinvbit, tscinv, bmi1

Memory: 4k page, physical 3997672k(382664k free), swap 8191976k(1348k free)

vm_info: OpenJDK 64-Bit Server VM (25.202-b03) for windows-amd64 JRE (1.8.0_202-release-1483-b03), built by "builder" with MS VC++ 10.0 (VS2010)

time: Sun Feb 23 15:09:03 2020
timezone: Malay Peninsula Standard Time
elapsed time: 12 seconds (0d 0h 0m 12s)

