#
# There is insufficient memory for the Java Runtime Environment to continue.
# Native memory allocation (malloc) failed to allocate 32744 bytes for ChunkPool::allocate
# Possible reasons:
#   The system is out of physical RAM or swap space
#   The process is running with CompressedOops enabled, and the Java Heap may be blocking the growth of the native heap
# Possible solutions:
#   Reduce memory load on the system
#   Increase physical memory or swap space
#   Check if swap backing store is full
#   Decrease Java heap size (-Xmx/-Xms)
#   Decrease number of Java threads
#   Decrease Java thread stack sizes (-Xss)
#   Set larger code cache with -XX:ReservedCodeCacheSize=
#   JVM is running with Unscaled Compressed Oops mode in which the Java heap is
#     placed in the first 4GB address space. The Java Heap base address is the
#     maximum limit for the native heap growth. Please use -XX:HeapBaseMinAddress
#     to set the Java Heap base and to place the Java Heap above 4GB virtual address.
# This output file may be truncated or incomplete.
#
#  Out of Memory Error (allocation.cpp:272), pid=5392, tid=0x0000000000001218
#
# JRE version: OpenJDK Runtime Environment (8.0_202-b03) (build 1.8.0_202-release-1483-b03)
# Java VM: OpenJDK 64-Bit Server VM (25.202-b03 mixed mode windows-amd64 compressed oops)
# Failed to write core dump. Minidumps are not enabled by default on client versions of Windows
#

---------------  T H R E A D  ---------------

Current thread (0x0000000016618800):  JavaThread "C2 CompilerThread0" daemon [_thread_in_native, id=4632, stack(0x0000000017660000,0x0000000017760000)]

Stack: [0x0000000017660000,0x0000000017760000]
[error occurred during error reporting (printing stack bounds), id 0xc0000005]

Native frames: (J=compiled Java code, j=interpreted, Vv=VM code, C=native code)


Current CompileTask:
C2:8307444 19742       4       com.android.tools.r8.ir.conversion.N::a (5667 bytes)


---------------  P R O C E S S  ---------------

Java Threads: ( => current thread )
  0x000000001b412000 JavaThread "WorkerExecutor Queue Thread 3" [_thread_in_Java, id=7156, stack(0x0000000021b20000,0x0000000021c20000)]
  0x000000001b411800 JavaThread "Cache worker for Java compile cache (C:\Users\Iking Lopez\AndroidStudioProjects\MyApplication\.gradle\5.4.1\javaCompile)" [_thread_blocked, id=9996, stack(0x00000000248d0000,0x00000000249d0000)]
  0x000000001b410800 JavaThread "RMI TCP Connection(56)-127.0.0.1" daemon [_thread_in_native, id=13488, stack(0x0000000023bd0000,0x0000000023cd0000)]
  0x000000001b40f000 JavaThread "RMI Reaper" [_thread_blocked, id=12616, stack(0x00000000239d0000,0x0000000023ad0000)]
  0x000000001b40e800 JavaThread "GC Daemon" daemon [_thread_blocked, id=7892, stack(0x00000000237d0000,0x00000000238d0000)]
  0x000000001b407000 JavaThread "RMI RenewClean-[127.0.0.1:17832,org.jetbrains.kotlin.daemon.common.LoopbackNetworkInterface$ClientLoopbackSocketFactory@36046b7]" daemon [_thread_blocked, id=8652, stack(0x000000001a7b0000,0x000000001a8b0000)]
  0x000000001b40d800 JavaThread "stdout" [_thread_in_native, id=6332, stack(0x00000000235d0000,0x00000000236d0000)]
  0x000000001b406000 JavaThread "stderr" [_thread_in_native, id=1876, stack(0x00000000234d0000,0x00000000235d0000)]
  0x000000001b40c000 JavaThread "stdout" [_thread_in_native, id=1184, stack(0x0000000022fd0000,0x00000000230d0000)]
  0x000000001b404800 JavaThread "stderr" [_thread_in_native, id=12184, stack(0x0000000022ed0000,0x0000000022fd0000)]
  0x000000001b409000 JavaThread "pool-22-thread-1" [_thread_blocked, id=2372, stack(0x0000000021a20000,0x0000000021b20000)]
  0x000000001b40a800 JavaThread "WorkerExecutor Queue" [_thread_in_Java, id=11836, stack(0x0000000021920000,0x0000000021a20000)]
  0x000000001b408800 JavaThread "Cache worker for execution history cache (C:\Users\Iking Lopez\AndroidStudioProjects\MyApplication\.gradle\5.4.1\executionHistory)" [_thread_blocked, id=11604, stack(0x0000000021820000,0x0000000021920000)]
  0x000000001c82c000 JavaThread "Execution worker for ':'" [_thread_blocked, id=13376, stack(0x0000000021520000,0x0000000021620000)]
  0x000000001c82a800 JavaThread "Cache worker for file content cache (C:\Users\Iking Lopez\AndroidStudioProjects\MyApplication\.gradle\5.4.1\fileContent)" [_thread_blocked, id=12976, stack(0x0000000021420000,0x0000000021520000)]
  0x000000001c829000 JavaThread "Cache worker for Build Output Cleanup Cache (C:\Users\Iking Lopez\AndroidStudioProjects\MyApplication\.gradle\buildOutputCleanup)" [_thread_blocked, id=5632, stack(0x0000000021120000,0x0000000021220000)]
  0x000000001c821800 JavaThread "pool-21-thread-1" [_thread_blocked, id=7548, stack(0x0000000020f20000,0x0000000021020000)]
  0x000000001c828000 JavaThread "Build operations Thread 2" [_thread_blocked, id=9208, stack(0x0000000020c20000,0x0000000020d20000)]
  0x000000001c825000 JavaThread "Build operations" [_thread_blocked, id=3488, stack(0x0000000020b20000,0x0000000020c20000)]
  0x000000001c824800 JavaThread "Cache worker for cache directory md-rule (C:\Users\Iking Lopez\.gradle\caches\5.4.1\md-rule)" [_thread_blocked, id=6712, stack(0x000000001e950000,0x000000001ea50000)]
  0x000000001c827800 JavaThread "Cache worker for cache directory md-supplier (C:\Users\Iking Lopez\.gradle\caches\5.4.1\md-supplier)" [_thread_blocked, id=12920, stack(0x000000001d150000,0x000000001d250000)]
  0x000000001c820800 JavaThread "Cache worker for file hash cache (C:\Users\Iking Lopez\AndroidStudioProjects\MyApplication\.gradle\5.4.1\fileHashes)" [_thread_blocked, id=4460, stack(0x000000001d050000,0x000000001d150000)]
  0x000000001c820000 JavaThread "Thread-162" [_thread_blocked, id=12904, stack(0x000000001cf50000,0x000000001d050000)]
  0x000000001c823000 JavaThread "Asynchronous log dispatcher for DefaultDaemonConnection: socket connection from /127.0.0.1:60412 to /127.0.0.1:64414" [_thread_blocked, id=11752, stack(0x000000001a5b0000,0x000000001a6b0000)]
  0x000000001c81d000 JavaThread "Daemon worker Thread 9" [_thread_blocked, id=288, stack(0x000000001a4b0000,0x000000001a5b0000)]
  0x000000001c823800 JavaThread "Cancel handler" [_thread_blocked, id=3328, stack(0x000000001a3b0000,0x000000001a4b0000)]
  0x000000001c81e800 JavaThread "Handler for socket connection from /127.0.0.1:60412 to /127.0.0.1:64414" [_thread_in_native, id=9048, stack(0x000000001a0b0000,0x000000001a1b0000)]
  0x000000001c822000 JavaThread "Daemon Thread 9" [_thread_blocked, id=3816, stack(0x0000000019fb0000,0x000000001a0b0000)]
  0x000000001c82b000 JavaThread "Cache worker for Java compile cache (C:\Users\Iking Lopez\.gradle\caches\5.4.1\javaCompile)" [_thread_blocked, id=1552, stack(0x0000000023ad0000,0x0000000023bd0000)]
  0x000000001c81f000 JavaThread "RMI TCP Accept-0" daemon [_thread_in_native, id=10224, stack(0x00000000236d0000,0x00000000237d0000)]
  0x000000001c81d800 JavaThread "RMI Scheduler(0)" daemon [_thread_blocked, id=7612, stack(0x000000001a6b0000,0x000000001a7b0000)]
  0x000000001b40d000 JavaThread "Cache worker for file content cache (C:\Users\Iking Lopez\.gradle\caches\5.4.1\fileContent)" [_thread_blocked, id=1680, stack(0x0000000021020000,0x0000000021120000)]
  0x000000001b40b800 JavaThread "Memory manager" [_thread_blocked, id=5184, stack(0x0000000020620000,0x0000000020720000)]
  0x000000001b405800 JavaThread "Cache worker for execution history cache (C:\Users\Iking Lopez\.gradle\caches\5.4.1\executionHistory)" [_thread_blocked, id=1920, stack(0x000000001e050000,0x000000001e150000)]
  0x0000000018499800 JavaThread "Cache worker for journal cache (C:\Users\Iking Lopez\.gradle\caches\journal-1)" [_thread_blocked, id=10092, stack(0x000000001aab0000,0x000000001abb0000)]
  0x000000001849a000 JavaThread "File lock request listener" [_thread_in_native, id=8780, stack(0x000000001a9b0000,0x000000001aab0000)]
  0x000000001844d800 JavaThread "Cache worker for file hash cache (C:\Users\Iking Lopez\.gradle\caches\5.4.1\fileHashes)" [_thread_blocked, id=8300, stack(0x000000001a8b0000,0x000000001a9b0000)]
  0x0000000017b87000 JavaThread "Daemon periodic checks" [_thread_blocked, id=8156, stack(0x0000000019eb0000,0x0000000019fb0000)]
  0x0000000018ece000 JavaThread "Incoming local TCP Connector on port 60412" [_thread_in_native, id=10472, stack(0x0000000019c70000,0x0000000019d70000)]
  0x0000000017ebe800 JavaThread "Daemon health stats" [_thread_blocked, id=8136, stack(0x0000000019630000,0x0000000019730000)]
  0x0000000016679800 JavaThread "Service Thread" daemon [_thread_blocked, id=5896, stack(0x0000000017860000,0x0000000017960000)]
  0x0000000016674800 JavaThread "C1 CompilerThread1" daemon [_thread_in_native, id=7280, stack(0x0000000017760000,0x0000000017860000)]
=>0x0000000016618800 JavaThread "C2 CompilerThread0" daemon [_thread_in_native, id=4632, stack(0x0000000017660000,0x0000000017760000)]
  0x0000000016617000 JavaThread "Attach Listener" daemon [_thread_blocked, id=12660, stack(0x0000000017560000,0x0000000017660000)]
  0x0000000016614000 JavaThread "Signal Dispatcher" daemon [_thread_blocked, id=9928, stack(0x0000000017460000,0x0000000017560000)]
  0x0000000002ee7000 JavaThread "Finalizer" daemon [_thread_blocked, id=2992, stack(0x0000000017260000,0x0000000017360000)]
  0x0000000016607000 JavaThread "Reference Handler" daemon [_thread_blocked, id=13860, stack(0x0000000017160000,0x0000000017260000)]
  0x000000000104e000 JavaThread "main" [_thread_blocked, id=7252, stack(0x0000000002c30000,0x0000000002d30000)]

Other Threads:
  0x00000000165e5800 VMThread [stack: 0x0000000017060000,0x0000000017160000] [id=4444]
  0x000000001667c800 WatcherThread [stack: 0x0000000017960000,0x0000000017a60000] [id=3272]

VM state:not at safepoint (normal execution)

VM Mutex/Monitor currently owned by a thread: None

heap address: 0x00000000a0000000, size: 1536 MB, Compressed Oops mode: 32-bit
Narrow klass base: 0x0000000000000000, Narrow klass shift: 3
Compressed class space size: 1073741824 Address: 0x0000000100000000

Heap:
 PSYoungGen      total 381952K, used 312691K [0x00000000e0000000, 0x00000000fa880000, 0x0000000100000000)
  eden space 377344K, 82% used [0x00000000e0000000,0x00000000f315cd28,0x00000000f7080000)
  from space 4608K, 0% used [0x00000000f7080000,0x00000000f7080000,0x00000000f7500000)
  to   space 28672K, 0% used [0x00000000f8c80000,0x00000000f8c80000,0x00000000fa880000)
 ParOldGen       total 82944K, used 30521K [0x00000000a0000000, 0x00000000a5100000, 0x00000000e0000000)
  object space 82944K, 36% used [0x00000000a0000000,0x00000000a1dce588,0x00000000a5100000)
 Metaspace       used 91433K, capacity 95422K, committed 95832K, reserved 1132544K
  class space    used 11782K, capacity 12508K, committed 12632K, reserved 1048576K

Card table byte_map: [0x00000000122b0000,0x00000000125c0000] byte_map_base: 0x0000000011db0000

Marking Bits: (ParMarkBitMap*) 0x0000000060df9f30
 Begin Bits: [0x00000000129c0000, 0x00000000141c0000)
 End Bits:   [0x00000000141c0000, 0x00000000159c0000)

Polling page: 0x0000000000fe0000

CodeCache: size=245760Kb used=53640Kb max_used=53640Kb free=192119Kb
 bounds [0x0000000002ef0000, 0x00000000063b0000, 0x0000000011ef0000]
 total_blobs=16655 nmethods=15775 adapters=793
 compilation: enabled

Compilation events (10 events):
Event: 8307.282 Thread 0x0000000016674800 nmethod 19808 0x000000000639a3d0 code [0x000000000639a5e0, 0x000000000639b2e8]
Event: 8307.282 Thread 0x0000000016674800 19809       3       com.android.tools.r8.ir.code.F::a (145 bytes)
Event: 8307.291 Thread 0x0000000016674800 nmethod 19809 0x000000000639b890 code [0x000000000639bbc0, 0x000000000639d598]
Event: 8307.294 Thread 0x0000000016674800 19810       3       com.android.tools.r8.ir.code.F::a (184 bytes)
Event: 8307.297 Thread 0x0000000016674800 nmethod 19810 0x000000000639e190 code [0x000000000639e400, 0x000000000639f4f8]
Event: 8307.298 Thread 0x0000000016674800 19811       3       com.android.tools.r8.code.j0::<init> (220 bytes)
Event: 8307.299 Thread 0x0000000016674800 nmethod 19811 0x000000000639ff10 code [0x00000000063a0080, 0x00000000063a0390]
Event: 8307.302 Thread 0x0000000016674800 19812       3       com.android.tools.r8.ir.regalloc.LiveIntervals::a (50 bytes)
Event: 8307.303 Thread 0x0000000016674800 nmethod 19812 0x00000000063a0510 code [0x00000000063a06a0, 0x00000000063a0c48]
Event: 8307.304 Thread 0x0000000016674800 19813       3       com.android.tools.r8.ir.regalloc.LinearScanRegisterAllocator::a (3743 bytes)

GC Heap History (10 events):
Event: 3759.191 GC heap before
{Heap before GC invocations=18 (full 4):
 PSYoungGen      total 375808K, used 13117K [0x00000000e0000000, 0x00000000f8f80000, 0x0000000100000000)
  eden space 346624K, 0% used [0x00000000e0000000,0x00000000e0000000,0x00000000f5280000)
  from space 29184K, 44% used [0x00000000f7300000,0x00000000f7fcf580,0x00000000f8f80000)
  to   space 31232K, 0% used [0x00000000f5280000,0x00000000f5280000,0x00000000f7100000)
 ParOldGen       total 82944K, used 51867K [0x00000000a0000000, 0x00000000a5100000, 0x00000000e0000000)
  object space 82944K, 62% used [0x00000000a0000000,0x00000000a32a6fc0,0x00000000a5100000)
 Metaspace       used 90114K, capacity 93692K, committed 94040K, reserved 1130496K
  class space    used 11834K, capacity 12535K, committed 12632K, reserved 1048576K
Event: 3763.278 GC heap after
Heap after GC invocations=18 (full 4):
 PSYoungGen      total 375808K, used 0K [0x00000000e0000000, 0x00000000f8f80000, 0x0000000100000000)
  eden space 346624K, 0% used [0x00000000e0000000,0x00000000e0000000,0x00000000f5280000)
  from space 29184K, 0% used [0x00000000f7300000,0x00000000f7300000,0x00000000f8f80000)
  to   space 31232K, 0% used [0x00000000f5280000,0x00000000f5280000,0x00000000f7100000)
 ParOldGen       total 82944K, used 36194K [0x00000000a0000000, 0x00000000a5100000, 0x00000000e0000000)
  object space 82944K, 43% used [0x00000000a0000000,0x00000000a23588b8,0x00000000a5100000)
 Metaspace       used 89749K, capacity 93000K, committed 94040K, reserved 1130496K
  class space    used 11757K, capacity 12393K, committed 12632K, reserved 1048576K
}
Event: 4341.476 GC heap before
{Heap before GC invocations=19 (full 4):
 PSYoungGen      total 375808K, used 346624K [0x00000000e0000000, 0x00000000f8f80000, 0x0000000100000000)
  eden space 346624K, 100% used [0x00000000e0000000,0x00000000f5280000,0x00000000f5280000)
  from space 29184K, 0% used [0x00000000f7300000,0x00000000f7300000,0x00000000f8f80000)
  to   space 31232K, 0% used [0x00000000f5280000,0x00000000f5280000,0x00000000f7100000)
 ParOldGen       total 82944K, used 36194K [0x00000000a0000000, 0x00000000a5100000, 0x00000000e0000000)
  object space 82944K, 43% used [0x00000000a0000000,0x00000000a23588b8,0x00000000a5100000)
 Metaspace       used 90399K, capacity 93916K, committed 94296K, reserved 1130496K
  class space    used 11804K, capacity 12477K, committed 12632K, reserved 1048576K
Event: 4345.004 GC heap after
Heap after GC invocations=19 (full 4):
 PSYoungGen      total 377856K, used 9376K [0x00000000e0000000, 0x00000000fb300000, 0x0000000100000000)
  eden space 346624K, 0% used [0x00000000e0000000,0x00000000e0000000,0x00000000f5280000)
  from space 31232K, 30% used [0x00000000f5280000,0x00000000f5ba8020,0x00000000f7100000)
  to   space 30208K, 0% used [0x00000000f9580000,0x00000000f9580000,0x00000000fb300000)
 ParOldGen       total 82944K, used 36202K [0x00000000a0000000, 0x00000000a5100000, 0x00000000e0000000)
  object space 82944K, 43% used [0x00000000a0000000,0x00000000a235a8b8,0x00000000a5100000)
 Metaspace       used 90399K, capacity 93916K, committed 94296K, reserved 1130496K
  class space    used 11804K, capacity 12477K, committed 12632K, reserved 1048576K
}
Event: 4562.216 GC heap before
{Heap before GC invocations=20 (full 4):
 PSYoungGen      total 377856K, used 356000K [0x00000000e0000000, 0x00000000fb300000, 0x0000000100000000)
  eden space 346624K, 100% used [0x00000000e0000000,0x00000000f5280000,0x00000000f5280000)
  from space 31232K, 30% used [0x00000000f5280000,0x00000000f5ba8020,0x00000000f7100000)
  to   space 30208K, 0% used [0x00000000f9580000,0x00000000f9580000,0x00000000fb300000)
 ParOldGen       total 82944K, used 36202K [0x00000000a0000000, 0x00000000a5100000, 0x00000000e0000000)
  object space 82944K, 43% used [0x00000000a0000000,0x00000000a235a8b8,0x00000000a5100000)
 Metaspace       used 91045K, capacity 94916K, committed 95064K, reserved 1132544K
  class space    used 11858K, capacity 12577K, committed 12632K, reserved 1048576K
Event: 4562.319 GC heap after
Heap after GC invocations=20 (full 4):
 PSYoungGen      total 397824K, used 11008K [0x00000000e0000000, 0x00000000fa980000, 0x0000000100000000)
  eden space 377344K, 0% used [0x00000000e0000000,0x00000000e0000000,0x00000000f7080000)
  from space 20480K, 53% used [0x00000000f9580000,0x00000000fa040040,0x00000000fa980000)
  to   space 29184K, 0% used [0x00000000f7080000,0x00000000f7080000,0x00000000f8d00000)
 ParOldGen       total 82944K, used 36210K [0x00000000a0000000, 0x00000000a5100000, 0x00000000e0000000)
  object space 82944K, 43% used [0x00000000a0000000,0x00000000a235c8b8,0x00000000a5100000)
 Metaspace       used 91045K, capacity 94916K, committed 95064K, reserved 1132544K
  class space    used 11858K, capacity 12577K, committed 12632K, reserved 1048576K
}
Event: 7363.371 GC heap before
{Heap before GC invocations=21 (full 4):
 PSYoungGen      total 397824K, used 77473K [0x00000000e0000000, 0x00000000fa980000, 0x0000000100000000)
  eden space 377344K, 17% used [0x00000000e0000000,0x00000000e40e84d0,0x00000000f7080000)
  from space 20480K, 53% used [0x00000000f9580000,0x00000000fa040040,0x00000000fa980000)
  to   space 29184K, 0% used [0x00000000f7080000,0x00000000f7080000,0x00000000f8d00000)
 ParOldGen       total 82944K, used 36210K [0x00000000a0000000, 0x00000000a5100000, 0x00000000e0000000)
  object space 82944K, 43% used [0x00000000a0000000,0x00000000a235c8b8,0x00000000a5100000)
 Metaspace       used 91190K, capacity 95102K, committed 95320K, reserved 1132544K
  class space    used 11869K, capacity 12596K, committed 12632K, reserved 1048576K
Event: 7364.481 GC heap after
Heap after GC invocations=21 (full 4):
 PSYoungGen      total 381952K, used 4160K [0x00000000e0000000, 0x00000000fa880000, 0x0000000100000000)
  eden space 377344K, 0% used [0x00000000e0000000,0x00000000e0000000,0x00000000f7080000)
  from space 4608K, 90% used [0x00000000f7080000,0x00000000f7490000,0x00000000f7500000)
  to   space 28672K, 0% used [0x00000000f8c80000,0x00000000f8c80000,0x00000000fa880000)
 ParOldGen       total 82944K, used 36218K [0x00000000a0000000, 0x00000000a5100000, 0x00000000e0000000)
  object space 82944K, 43% used [0x00000000a0000000,0x00000000a235e8b8,0x00000000a5100000)
 Metaspace       used 91190K, capacity 95102K, committed 95320K, reserved 1132544K
  class space    used 11869K, capacity 12596K, committed 12632K, reserved 1048576K
}
Event: 7364.482 GC heap before
{Heap before GC invocations=22 (full 5):
 PSYoungGen      total 381952K, used 4160K [0x00000000e0000000, 0x00000000fa880000, 0x0000000100000000)
  eden space 377344K, 0% used [0x00000000e0000000,0x00000000e0000000,0x00000000f7080000)
  from space 4608K, 90% used [0x00000000f7080000,0x00000000f7490000,0x00000000f7500000)
  to   space 28672K, 0% used [0x00000000f8c80000,0x00000000f8c80000,0x00000000fa880000)
 ParOldGen       total 82944K, used 36218K [0x00000000a0000000, 0x00000000a5100000, 0x00000000e0000000)
  object space 82944K, 43% used [0x00000000a0000000,0x00000000a235e8b8,0x00000000a5100000)
 Metaspace       used 91190K, capacity 95102K, committed 95320K, reserved 1132544K
  class space    used 11869K, capacity 12596K, committed 12632K, reserved 1048576K
Event: 7370.344 GC heap after
Heap after GC invocations=22 (full 5):
 PSYoungGen      total 381952K, used 0K [0x00000000e0000000, 0x00000000fa880000, 0x0000000100000000)
  eden space 377344K, 0% used [0x00000000e0000000,0x00000000e0000000,0x00000000f7080000)
  from space 4608K, 0% used [0x00000000f7080000,0x00000000f7080000,0x00000000f7500000)
  to   space 28672K, 0% used [0x00000000f8c80000,0x00000000f8c80000,0x00000000fa880000)
 ParOldGen       total 82944K, used 30521K [0x00000000a0000000, 0x00000000a5100000, 0x00000000e0000000)
  object space 82944K, 36% used [0x00000000a0000000,0x00000000a1dce588,0x00000000a5100000)
 Metaspace       used 89867K, capacity 93146K, committed 95320K, reserved 1132544K
  class space    used 11643K, capacity 12252K, committed 12632K, reserved 1048576K
}

Deoptimization events (10 events):
Event: 8291.263 Thread 0x000000001b408800 Uncommon trap: reason=bimorphic action=maybe_recompile pc=0x0000000005df6eb8 method=org.gradle.cache.internal.btree.FileBackedBlockStore$BlockImpl.write()V @ 29
Event: 8292.437 Thread 0x000000001c81d000 Uncommon trap: reason=unstable_if action=reinterpret pc=0x00000000049d5a1c method=java.lang.ref.SoftReference.get()Ljava/lang/Object; @ 6
Event: 8297.203 Thread 0x000000001c81d000 Uncommon trap: reason=unstable_if action=reinterpret pc=0x000000000512dc3c method=com.sun.tools.javac.util.Position$LineMapImpl.build([CI)V @ 102
Event: 8297.248 Thread 0x000000001c81d000 Uncommon trap: reason=unstable_if action=reinterpret pc=0x000000000516cbb0 method=com.sun.tools.javac.file.ZipFileIndex$ZipDirectory.readEntry(ILjava/util/List;Ljava/util/Map;)I @ 410
Event: 8298.810 Thread 0x000000001c81d000 Uncommon trap: reason=unstable_if action=reinterpret pc=0x0000000005226f10 method=com.sun.tools.javac.code.Lint$AugmentVisitor.initSyms()V @ 4
Event: 8304.561 Thread 0x000000001c82c000 Uncommon trap: reason=class_check action=maybe_recompile pc=0x00000000048be1fc method=java.lang.StringCoding.encode(Ljava/nio/charset/Charset;[CII)[B @ 1
Event: 8304.566 Thread 0x000000001c82c000 Uncommon trap: reason=class_check action=maybe_recompile pc=0x00000000048be1fc method=java.lang.StringCoding.encode(Ljava/nio/charset/Charset;[CII)[B @ 1
Event: 8305.918 Thread 0x000000001b412000 Uncommon trap: reason=unstable_if action=reinterpret pc=0x0000000005a7a35c method=com.android.tools.r8.ir.conversion.N.f(Lcom/android/tools/r8/t/a/a/G/a;)Z @ 8
Event: 8305.919 Thread 0x000000001b412000 Uncommon trap: reason=unstable_if action=reinterpret pc=0x0000000005dd4c04 method=java.util.ArrayDeque.copyElements([Ljava/lang/Object;)[Ljava/lang/Object; @ 39
Event: 8305.919 Thread 0x000000001b412000 Uncommon trap: reason=unstable_if action=reinterpret pc=0x0000000005dd6b2c method=java.util.ArrayDeque.copyElements([Ljava/lang/Object;)[Ljava/lang/Object; @ 39

Classes redefined (0 events):
No events

Internal exceptions (10 events):
Event: 8290.944 Thread 0x000000001c81d000 Implicit null exception at 0x000000000492ae40 to 0x000000000492d439
Event: 8291.081 Thread 0x000000001c81d000 Exception <a 'java/lang/NoSuchMethodError': <clinit>> (0x00000000edfdf770) thrown at [D:\src\AOSP-openjdk-cygwin\jdk8u\hotspot\src\share\vm\prims\jni.cpp, line 1614]
Event: 8291.088 Thread 0x000000001c81d000 Exception <a 'java/lang/NoSuchMethodError': <clinit>> (0x00000000edff4a68) thrown at [D:\src\AOSP-openjdk-cygwin\jdk8u\hotspot\src\share\vm\prims\jni.cpp, line 1614]
Event: 8301.301 Thread 0x000000001c820000 Exception <a 'java/lang/NoSuchMethodError': <clinit>> (0x00000000f102cf90) thrown at [D:\src\AOSP-openjdk-cygwin\jdk8u\hotspot\src\share\vm\prims\jni.cpp, line 1614]
Event: 8304.646 Thread 0x000000001c82c000 Exception <a 'java/lang/NoSuchMethodError': <clinit>> (0x00000000f202d520) thrown at [D:\src\AOSP-openjdk-cygwin\jdk8u\hotspot\src\share\vm\prims\jni.cpp, line 1614]
Event: 8304.649 Thread 0x000000001c82c000 Exception <a 'java/lang/NoSuchMethodError': <clinit>> (0x00000000f204c518) thrown at [D:\src\AOSP-openjdk-cygwin\jdk8u\hotspot\src\share\vm\prims\jni.cpp, line 1614]
Event: 8304.658 Thread 0x000000001c82c000 Exception <a 'java/lang/NoSuchMethodError': <clinit>> (0x00000000f2062e60) thrown at [D:\src\AOSP-openjdk-cygwin\jdk8u\hotspot\src\share\vm\prims\jni.cpp, line 1614]
Event: 8304.659 Thread 0x000000001c82c000 Exception <a 'java/lang/NoSuchMethodError': <clinit>> (0x00000000f2066f90) thrown at [D:\src\AOSP-openjdk-cygwin\jdk8u\hotspot\src\share\vm\prims\jni.cpp, line 1614]
Event: 8304.900 Thread 0x000000001b412000 Exception <a 'sun/nio/fs/WindowsException'> (0x00000000f24d6190) thrown at [D:\src\AOSP-openjdk-cygwin\jdk8u\hotspot\src\share\vm\prims\jni.cpp, line 710]
Event: 8305.008 Thread 0x000000001b40a800 Exception <a 'sun/nio/fs/WindowsException'> (0x00000000f27fdd00) thrown at [D:\src\AOSP-openjdk-cygwin\jdk8u\hotspot\src\share\vm\prims\jni.cpp, line 710]

Events (10 events):
Event: 8306.148 Thread 0x0000000016618800 flushing nmethod 0x00000000046e4290
Event: 8306.148 Thread 0x0000000016618800 flushing nmethod 0x0000000004717e90
Event: 8306.151 Thread 0x0000000016618800 flushing nmethod 0x0000000004871c10
Event: 8306.152 Thread 0x0000000016618800 flushing nmethod 0x00000000048f7790
Event: 8306.152 Thread 0x0000000016618800 flushing nmethod 0x00000000048fcad0
Event: 8306.153 Thread 0x0000000016618800 flushing nmethod 0x0000000004964150
Event: 8306.154 Thread 0x0000000016618800 flushing nmethod 0x0000000004a6d250
Event: 8306.180 Thread 0x0000000016674800 flushing nmethod 0x000000000560bc90
Event: 8306.191 Thread 0x0000000016674800 flushing nmethod 0x0000000005960f50
Event: 8306.191 Thread 0x0000000016674800 flushing nmethod 0x0000000005988210


Dynamic libraries:
0x00007ff7dd6b0000 - 0x00007ff7dd6e1000 	C:\Program Files\Android\Android Studio\jre\bin\java.exe
0x00007ffd902a0000 - 0x00007ffd90490000 	C:\WINDOWS\SYSTEM32\ntdll.dll
0x00007ffd8ff20000 - 0x00007ffd8ffd2000 	C:\WINDOWS\System32\KERNEL32.DLL
0x00007ffd8df80000 - 0x00007ffd8e223000 	C:\WINDOWS\System32\KERNELBASE.dll
0x00007ffd901b0000 - 0x00007ffd90253000 	C:\WINDOWS\System32\ADVAPI32.dll
0x00007ffd8e5d0000 - 0x00007ffd8e66e000 	C:\WINDOWS\System32\msvcrt.dll
0x00007ffd8f720000 - 0x00007ffd8f7b7000 	C:\WINDOWS\System32\sechost.dll
0x00007ffd8f600000 - 0x00007ffd8f720000 	C:\WINDOWS\System32\RPCRT4.dll
0x00007ffd8eac0000 - 0x00007ffd8ec54000 	C:\WINDOWS\System32\USER32.dll
0x00007ffd8d480000 - 0x00007ffd8d4a1000 	C:\WINDOWS\System32\win32u.dll
0x00007ffd90180000 - 0x00007ffd901a6000 	C:\WINDOWS\System32\GDI32.dll
0x00007ffd8d2e0000 - 0x00007ffd8d474000 	C:\WINDOWS\System32\gdi32full.dll
0x00007ffd8d590000 - 0x00007ffd8d62e000 	C:\WINDOWS\System32\msvcp_win.dll
0x00007ffd8e230000 - 0x00007ffd8e32a000 	C:\WINDOWS\System32\ucrtbase.dll
0x00007ffd73a70000 - 0x00007ffd73cf5000 	C:\WINDOWS\WinSxS\amd64_microsoft.windows.common-controls_6595b64144ccf1df_6.0.18362.657_none_e6c5b579130e3898\COMCTL32.dll
0x00007ffd8ed30000 - 0x00007ffd8f066000 	C:\WINDOWS\System32\combase.dll
0x00007ffd8d780000 - 0x00007ffd8d800000 	C:\WINDOWS\System32\bcryptPrimitives.dll
0x00007ffd8f080000 - 0x00007ffd8f0ae000 	C:\WINDOWS\System32\IMM32.DLL
0x0000000064870000 - 0x0000000064942000 	C:\Program Files\Android\Android Studio\jre\jre\bin\msvcr100.dll
0x0000000060630000 - 0x0000000060e76000 	C:\Program Files\Android\Android Studio\jre\jre\bin\server\jvm.dll
0x00007ffd8f120000 - 0x00007ffd8f128000 	C:\WINDOWS\System32\PSAPI.DLL
0x00007ffd7ceb0000 - 0x00007ffd7ceb9000 	C:\WINDOWS\SYSTEM32\WSOCK32.dll
0x00007ffd8f7c0000 - 0x00007ffd8f82f000 	C:\WINDOWS\System32\WS2_32.dll
0x00007ffd8acb0000 - 0x00007ffd8acd4000 	C:\WINDOWS\SYSTEM32\WINMM.dll
0x00007ffd86f00000 - 0x00007ffd86f0a000 	C:\WINDOWS\SYSTEM32\VERSION.dll
0x00007ffd8ac80000 - 0x00007ffd8acad000 	C:\WINDOWS\SYSTEM32\WINMMBASE.dll
0x00007ffd8d230000 - 0x00007ffd8d27a000 	C:\WINDOWS\System32\cfgmgr32.dll
0x00007ffd89a40000 - 0x00007ffd89a4f000 	C:\Program Files\Android\Android Studio\jre\jre\bin\verify.dll
0x00007ffd86bd0000 - 0x00007ffd86bf9000 	C:\Program Files\Android\Android Studio\jre\jre\bin\java.dll
0x00007ffd86e00000 - 0x00007ffd86e16000 	C:\Program Files\Android\Android Studio\jre\jre\bin\zip.dll
0x00007ffd8f830000 - 0x00007ffd8ff15000 	C:\WINDOWS\System32\SHELL32.dll
0x00007ffd8e480000 - 0x00007ffd8e529000 	C:\WINDOWS\System32\shcore.dll
0x00007ffd8d800000 - 0x00007ffd8df7f000 	C:\WINDOWS\System32\windows.storage.dll
0x00007ffd8d1f0000 - 0x00007ffd8d20f000 	C:\WINDOWS\System32\profapi.dll
0x00007ffd8d1a0000 - 0x00007ffd8d1ea000 	C:\WINDOWS\System32\powrprof.dll
0x00007ffd8d170000 - 0x00007ffd8d180000 	C:\WINDOWS\System32\UMPDC.dll
0x00007ffd8f130000 - 0x00007ffd8f182000 	C:\WINDOWS\System32\shlwapi.dll
0x00007ffd8d210000 - 0x00007ffd8d221000 	C:\WINDOWS\System32\kernel.appcore.dll
0x00007ffd8e330000 - 0x00007ffd8e347000 	C:\WINDOWS\System32\cryptsp.dll
0x00007ffd80ec0000 - 0x00007ffd80eda000 	C:\Program Files\Android\Android Studio\jre\jre\bin\net.dll
0x00007ffd8c980000 - 0x00007ffd8c9e7000 	C:\WINDOWS\system32\mswsock.dll
0x00007ffd80ea0000 - 0x00007ffd80eb1000 	C:\Program Files\Android\Android Studio\jre\jre\bin\nio.dll
0x00007ffd6a420000 - 0x00007ffd6a446000 	C:\Users\Iking Lopez\.gradle\native\29\windows-amd64\native-platform.dll
0x00007ffd86ed0000 - 0x00007ffd86edd000 	C:\Program Files\Android\Android Studio\jre\jre\bin\management.dll
0x00007ffd8c4f0000 - 0x00007ffd8c523000 	C:\WINDOWS\system32\rsaenh.dll
0x00007ffd8d560000 - 0x00007ffd8d586000 	C:\WINDOWS\System32\bcrypt.dll
0x00007ffd8d060000 - 0x00007ffd8d085000 	C:\WINDOWS\SYSTEM32\USERENV.dll
0x00007ffd8cb50000 - 0x00007ffd8cb5c000 	C:\WINDOWS\SYSTEM32\CRYPTBASE.dll
0x00007ffd8c690000 - 0x00007ffd8c6ca000 	C:\WINDOWS\SYSTEM32\IPHLPAPI.DLL
0x00007ffd8f0b0000 - 0x00007ffd8f0b8000 	C:\WINDOWS\System32\NSI.dll
0x00007ffd808c0000 - 0x00007ffd808d6000 	C:\WINDOWS\SYSTEM32\dhcpcsvc6.DLL
0x00007ffd808a0000 - 0x00007ffd808bc000 	C:\WINDOWS\SYSTEM32\dhcpcsvc.DLL
0x00007ffd8c6e0000 - 0x00007ffd8c7aa000 	C:\WINDOWS\SYSTEM32\DNSAPI.dll
0x00007ffd6c640000 - 0x00007ffd6c65e000 	C:\Users\Iking Lopez\AppData\Local\Temp\native-platform5103421765588699915dir\native-platform.dll

VM Arguments:
jvm_args: -Xmx1536m -Dfile.encoding=windows-1252 -Duser.country=PH -Duser.language=en -Duser.variant 
java_command: org.gradle.launcher.daemon.bootstrap.GradleDaemon 5.4.1
java_class_path (initial): C:\Users\Iking Lopez\.gradle\wrapper\dists\gradle-5.4.1-all\3221gyojl5jsh0helicew7rwx\gradle-5.4.1\lib\gradle-launcher-5.4.1.jar
Launcher Type: SUN_STANDARD

Environment Variables:
PATH=C:\Program Files\Java\jdk-11.0.2\bin;C:\Program Files (x86)\Common Files\Oracle\Java\javapath;C:\WINDOWS\system32;C:\WINDOWS;C:\WINDOWS\System32\Wbem;C:\WINDOWS\System32\WindowsPowerShell\v1.0\;C:\Program Files (x86)\Skype\Phone\;C:\Program Files (x86)\Windows Live\Shared;C:\WINDOWS\System32\OpenSSH\;C:\Program Files\Git\cmd;C:\Users\Iking Lopez\AppData\Local\Programs\Python\Python36-32\Scripts\;C:\Users\Iking Lopez\AppData\Local\Programs\Python\Python36-32\;C:\Users\Iking Lopez\AppData\Local\Microsoft\WindowsApps;C:\MinGW\bin;
USERNAME=Iking Lopez
OS=Windows_NT
PROCESSOR_IDENTIFIER=AMD64 Family 21 Model 112 Stepping 0, AuthenticAMD



---------------  S Y S T E M  ---------------

OS: Windows 10.0 , 64 bit Build 18362 (10.0.18362.329)

CPU:total 2 (initial active 2) (2 cores per cpu, 1 threads per core) family 21 model 112 stepping 0, cmov, cx8, fxsr, mmx, sse, sse2, sse3, ssse3, sse4.1, sse4.2, popcnt, avx, avx2, aes, clmul, mmxext, 3dnowpref, lzcnt, sse4a, tsc, tscinvbit, tscinv, bmi1

Memory: 4k page, physical 3997672k(309920k free), swap 8191976k(3796k free)

vm_info: OpenJDK 64-Bit Server VM (25.202-b03) for windows-amd64 JRE (1.8.0_202-release-1483-b03), built by "builder" with MS VC++ 10.0 (VS2010)

time: Sun Feb 23 22:33:45 2020
timezone: Malay Peninsula Standard Time
elapsed time: 8307 seconds (0d 2h 18m 27s)

